{"/home/travis/build/npmtest/node-npmtest-nlp-toolkit/test.js":{"path":"/home/travis/build/npmtest/node-npmtest-nlp-toolkit/test.js","s":{"1":2,"2":2,"3":2,"4":2,"5":2,"6":2,"7":2,"8":1,"9":2,"10":2,"11":1,"12":1,"13":1,"14":1,"15":2,"16":2,"17":2,"18":2,"19":1,"20":1,"21":2,"22":2,"23":2,"24":1,"25":1,"26":1,"27":1,"28":1,"29":1,"30":1,"31":1,"32":1,"33":1,"34":1,"35":1,"36":1,"37":1,"38":1,"39":2,"40":2,"41":1,"42":2,"43":2,"44":1,"45":2,"46":2,"47":1,"48":2,"49":2,"50":1,"51":1,"52":1,"53":1,"54":1},"b":{"1":[2,1,1,1],"2":[1,1,1,1],"3":[1,1],"4":[1,1],"5":[1,1],"6":[1,1],"7":[1,1],"8":[1,1],"9":[1,1],"10":[1,1,1],"11":[1,1],"12":[1,1],"13":[1,1],"14":[1,1],"15":[1,1],"16":[1,1],"17":[1,1]},"f":{"1":2,"2":2,"3":2,"4":2,"5":2,"6":1,"7":1,"8":1,"9":2,"10":2,"11":2,"12":2,"13":1},"fnMap":{"1":{"name":"(anonymous_1)","line":12,"loc":{"start":{"line":12,"column":1},"end":{"line":12,"column":13}}},"2":{"name":"(anonymous_2)","line":19,"loc":{"start":{"line":19,"column":5},"end":{"line":19,"column":17}}},"3":{"name":"(anonymous_3)","line":23,"loc":{"start":{"line":23,"column":24},"end":{"line":23,"column":36}}},"4":{"name":"(anonymous_4)","line":61,"loc":{"start":{"line":61,"column":5},"end":{"line":61,"column":17}}},"5":{"name":"(anonymous_5)","line":82,"loc":{"start":{"line":82,"column":5},"end":{"line":82,"column":17}}},"6":{"name":"(anonymous_6)","line":91,"loc":{"start":{"line":91,"column":77},"end":{"line":94,"column":10}}},"7":{"name":"(anonymous_7)","line":112,"loc":{"start":{"line":112,"column":83},"end":{"line":115,"column":10}},"skip":true},"8":{"name":"(anonymous_8)","line":123,"loc":{"start":{"line":123,"column":77},"end":{"line":126,"column":10}},"skip":true},"9":{"name":"(anonymous_9)","line":139,"loc":{"start":{"line":139,"column":12},"end":{"line":139,"column":40}},"skip":true},"10":{"name":"(anonymous_10)","line":147,"loc":{"start":{"line":147,"column":77},"end":{"line":150,"column":10}},"skip":true},"11":{"name":"(anonymous_11)","line":158,"loc":{"start":{"line":158,"column":83},"end":{"line":161,"column":10}},"skip":true},"12":{"name":"(anonymous_12)","line":169,"loc":{"start":{"line":169,"column":79},"end":{"line":172,"column":10}},"skip":true},"13":{"name":"(anonymous_13)","line":180,"loc":{"start":{"line":180,"column":75},"end":{"line":183,"column":10}},"skip":true}},"statementMap":{"1":{"start":{"line":12,"column":0},"end":{"line":195,"column":5}},"2":{"start":{"line":14,"column":4},"end":{"line":14,"column":14}},"3":{"start":{"line":19,"column":4},"end":{"line":56,"column":9}},"4":{"start":{"line":21,"column":8},"end":{"line":21,"column":19}},"5":{"start":{"line":23,"column":8},"end":{"line":35,"column":13}},"6":{"start":{"line":24,"column":12},"end":{"line":34,"column":13}},"7":{"start":{"line":25,"column":16},"end":{"line":28,"column":30}},"8":{"start":{"line":30,"column":16},"end":{"line":33,"column":27}},"9":{"start":{"line":37,"column":8},"end":{"line":39,"column":21}},"10":{"start":{"line":40,"column":8},"end":{"line":53,"column":9}},"11":{"start":{"line":43,"column":12},"end":{"line":46,"column":14}},"12":{"start":{"line":47,"column":12},"end":{"line":47,"column":18}},"13":{"start":{"line":50,"column":12},"end":{"line":51,"column":33}},"14":{"start":{"line":52,"column":12},"end":{"line":52,"column":18}},"15":{"start":{"line":55,"column":8},"end":{"line":55,"column":35}},"16":{"start":{"line":61,"column":4},"end":{"line":63,"column":9}},"17":{"start":{"line":62,"column":8},"end":{"line":62,"column":15}},"18":{"start":{"line":64,"column":4},"end":{"line":77,"column":5}},"19":{"start":{"line":70,"column":8},"end":{"line":70,"column":14}},"20":{"start":{"line":76,"column":8},"end":{"line":76,"column":14}},"21":{"start":{"line":82,"column":4},"end":{"line":84,"column":9}},"22":{"start":{"line":83,"column":8},"end":{"line":83,"column":15}},"23":{"start":{"line":85,"column":4},"end":{"line":194,"column":5}},"24":{"start":{"line":91,"column":8},"end":{"line":99,"column":10}},"25":{"start":{"line":98,"column":12},"end":{"line":98,"column":35}},"26":{"start":{"line":102,"column":8},"end":{"line":104,"column":63}},"27":{"start":{"line":105,"column":8},"end":{"line":105,"column":14}},"28":{"start":{"line":112,"column":8},"end":{"line":121,"column":10},"skip":true},"29":{"start":{"line":119,"column":12},"end":{"line":119,"column":55},"skip":true},"30":{"start":{"line":120,"column":12},"end":{"line":120,"column":48},"skip":true},"31":{"start":{"line":123,"column":8},"end":{"line":136,"column":10},"skip":true},"32":{"start":{"line":130,"column":12},"end":{"line":130,"column":76},"skip":true},"33":{"start":{"line":131,"column":12},"end":{"line":131,"column":73},"skip":true},"34":{"start":{"line":132,"column":12},"end":{"line":132,"column":74},"skip":true},"35":{"start":{"line":133,"column":12},"end":{"line":133,"column":79},"skip":true},"36":{"start":{"line":134,"column":12},"end":{"line":134,"column":25},"skip":true},"37":{"start":{"line":135,"column":12},"end":{"line":135,"column":45},"skip":true},"38":{"start":{"line":138,"column":8},"end":{"line":145,"column":14},"skip":true},"39":{"start":{"line":143,"column":16},"end":{"line":143,"column":29},"skip":true},"40":{"start":{"line":144,"column":16},"end":{"line":144,"column":55},"skip":true},"41":{"start":{"line":147,"column":8},"end":{"line":156,"column":10},"skip":true},"42":{"start":{"line":154,"column":12},"end":{"line":154,"column":25},"skip":true},"43":{"start":{"line":155,"column":12},"end":{"line":155,"column":45},"skip":true},"44":{"start":{"line":158,"column":8},"end":{"line":167,"column":10},"skip":true},"45":{"start":{"line":165,"column":12},"end":{"line":165,"column":25},"skip":true},"46":{"start":{"line":166,"column":12},"end":{"line":166,"column":48},"skip":true},"47":{"start":{"line":169,"column":8},"end":{"line":178,"column":10},"skip":true},"48":{"start":{"line":176,"column":12},"end":{"line":176,"column":25},"skip":true},"49":{"start":{"line":177,"column":12},"end":{"line":177,"column":46},"skip":true},"50":{"start":{"line":180,"column":8},"end":{"line":189,"column":10},"skip":true},"51":{"start":{"line":187,"column":12},"end":{"line":187,"column":94},"skip":true},"52":{"start":{"line":188,"column":12},"end":{"line":188,"column":48},"skip":true},"53":{"start":{"line":192,"column":8},"end":{"line":192,"column":35},"skip":true},"54":{"start":{"line":193,"column":8},"end":{"line":193,"column":14},"skip":true}},"branchMap":{"1":{"line":25,"type":"binary-expr","locations":[{"start":{"line":25,"column":23},"end":{"line":25,"column":62}},{"start":{"line":26,"column":20},"end":{"line":26,"column":70}},{"start":{"line":27,"column":20},"end":{"line":27,"column":71}},{"start":{"line":28,"column":20},"end":{"line":28,"column":29}}]},"2":{"line":30,"type":"binary-expr","locations":[{"start":{"line":30,"column":23},"end":{"line":30,"column":37}},{"start":{"line":31,"column":20},"end":{"line":31,"column":61}},{"start":{"line":32,"column":20},"end":{"line":32,"column":70}},{"start":{"line":33,"column":20},"end":{"line":33,"column":26}}]},"3":{"line":37,"type":"cond-expr","locations":[{"start":{"line":38,"column":14},"end":{"line":38,"column":20}},{"start":{"line":39,"column":14},"end":{"line":39,"column":20}}]},"4":{"line":40,"type":"switch","locations":[{"start":{"line":42,"column":8},"end":{"line":47,"column":18}},{"start":{"line":49,"column":8},"end":{"line":52,"column":18}}]},"5":{"line":44,"type":"binary-expr","locations":[{"start":{"line":44,"column":16},"end":{"line":44,"column":44}},{"start":{"line":44,"column":48},"end":{"line":44,"column":66}}]},"6":{"line":50,"type":"binary-expr","locations":[{"start":{"line":50,"column":21},"end":{"line":50,"column":49}},{"start":{"line":50,"column":53},"end":{"line":50,"column":72}}]},"7":{"line":64,"type":"switch","locations":[{"start":{"line":69,"column":4},"end":{"line":70,"column":14}},{"start":{"line":75,"column":4},"end":{"line":76,"column":14}}]},"8":{"line":85,"type":"switch","locations":[{"start":{"line":90,"column":4},"end":{"line":105,"column":14}},{"start":{"line":111,"column":4},"end":{"line":193,"column":14},"skip":true}]},"9":{"line":91,"type":"binary-expr","locations":[{"start":{"line":91,"column":42},"end":{"line":91,"column":73}},{"start":{"line":91,"column":77},"end":{"line":99,"column":9}}]},"10":{"line":102,"type":"binary-expr","locations":[{"start":{"line":102,"column":18},"end":{"line":102,"column":32}},{"start":{"line":103,"column":12},"end":{"line":103,"column":53}},{"start":{"line":104,"column":12},"end":{"line":104,"column":61}}]},"11":{"line":112,"type":"binary-expr","locations":[{"start":{"line":112,"column":45},"end":{"line":112,"column":79},"skip":true},{"start":{"line":112,"column":83},"end":{"line":121,"column":9},"skip":true}]},"12":{"line":123,"type":"binary-expr","locations":[{"start":{"line":123,"column":42},"end":{"line":123,"column":73},"skip":true},{"start":{"line":123,"column":77},"end":{"line":136,"column":9},"skip":true}]},"13":{"line":138,"type":"binary-expr","locations":[{"start":{"line":138,"column":48},"end":{"line":138,"column":85},"skip":true},{"start":{"line":139,"column":12},"end":{"line":145,"column":13},"skip":true}]},"14":{"line":147,"type":"binary-expr","locations":[{"start":{"line":147,"column":42},"end":{"line":147,"column":73},"skip":true},{"start":{"line":147,"column":77},"end":{"line":156,"column":9},"skip":true}]},"15":{"line":158,"type":"binary-expr","locations":[{"start":{"line":158,"column":45},"end":{"line":158,"column":79},"skip":true},{"start":{"line":158,"column":83},"end":{"line":167,"column":9},"skip":true}]},"16":{"line":169,"type":"binary-expr","locations":[{"start":{"line":169,"column":43},"end":{"line":169,"column":75},"skip":true},{"start":{"line":169,"column":79},"end":{"line":178,"column":9},"skip":true}]},"17":{"line":180,"type":"binary-expr","locations":[{"start":{"line":180,"column":41},"end":{"line":180,"column":71},"skip":true},{"start":{"line":180,"column":75},"end":{"line":189,"column":9},"skip":true}]}},"code":["/* istanbul instrument in package npmtest_nlp_toolkit */","/*jslint","    bitwise: true,","    browser: true,","    maxerr: 8,","    maxlen: 96,","    node: true,","    nomen: true,","    regexp: true,","    stupid: true","*/","(function () {","    'use strict';","    var local;","","","","    // run shared js-env code - pre-init","    (function () {","        // init local","        local = {};","        // init modeJs","        local.modeJs = (function () {","            try {","                return typeof navigator.userAgent === 'string' &&","                    typeof document.querySelector('body') === 'object' &&","                    typeof XMLHttpRequest.prototype.open === 'function' &&","                    'browser';","            } catch (errorCaughtBrowser) {","                return module.exports &&","                    typeof process.versions.node === 'string' &&","                    typeof require('http').createServer === 'function' &&","                    'node';","            }","        }());","        // init global","        local.global = local.modeJs === 'browser'","            ? window","            : global;","        switch (local.modeJs) {","        // re-init local from window.local","        case 'browser':","            local = local.global.utility2.objectSetDefault(","                local.global.utility2_rollup || local.global.local,","                local.global.utility2","            );","            break;","        // re-init local from example.js","        case 'node':","            local = (local.global.utility2_rollup || require('utility2'))","                .requireReadme();","            break;","        }","        // export local","        local.global.local = local;","    }());","","","","    // run shared js-env code - function","    (function () {","        return;","    }());","    switch (local.modeJs) {","","","","    // run browser js-env code - function","    case 'browser':","        break;","","","","    // run node js-env code - function","    case 'node':","        break;","    }","","","","    // run shared js-env code - post-init","    (function () {","        return;","    }());","    switch (local.modeJs) {","","","","    // run browser js-env code - post-init","    case 'browser':","        local.testCase_browser_nullCase = local.testCase_browser_nullCase || function (","            options,","            onError","        ) {","        /*","         * this function will test browsers's null-case handling-behavior-behavior","         */","            onError(null, options);","        };","","        // run tests","        local.nop(local.modeTest &&","            document.querySelector('#testRunButton1') &&","            document.querySelector('#testRunButton1').click());","        break;","","","","    // run node js-env code - post-init","    /* istanbul ignore next */","    case 'node':","        local.testCase_buildApidoc_default = local.testCase_buildApidoc_default || function (","            options,","            onError","        ) {","        /*","         * this function will test buildApidoc's default handling-behavior-behavior","         */","            options = { modulePathList: module.paths };","            local.buildApidoc(options, onError);","        };","","        local.testCase_buildApp_default = local.testCase_buildApp_default || function (","            options,","            onError","        ) {","        /*","         * this function will test buildApp's default handling-behavior-behavior","         */","            local.testCase_buildReadme_default(options, local.onErrorThrow);","            local.testCase_buildLib_default(options, local.onErrorThrow);","            local.testCase_buildTest_default(options, local.onErrorThrow);","            local.testCase_buildCustomOrg_default(options, local.onErrorThrow);","            options = [];","            local.buildApp(options, onError);","        };","","        local.testCase_buildCustomOrg_default = local.testCase_buildCustomOrg_default ||","            function (options, onError) {","            /*","             * this function will test buildCustomOrg's default handling-behavior","             */","                options = {};","                local.buildCustomOrg(options, onError);","            };","","        local.testCase_buildLib_default = local.testCase_buildLib_default || function (","            options,","            onError","        ) {","        /*","         * this function will test buildLib's default handling-behavior","         */","            options = {};","            local.buildLib(options, onError);","        };","","        local.testCase_buildReadme_default = local.testCase_buildReadme_default || function (","            options,","            onError","        ) {","        /*","         * this function will test buildReadme's default handling-behavior-behavior","         */","            options = {};","            local.buildReadme(options, onError);","        };","","        local.testCase_buildTest_default = local.testCase_buildTest_default || function (","            options,","            onError","        ) {","        /*","         * this function will test buildTest's default handling-behavior","         */","            options = {};","            local.buildTest(options, onError);","        };","","        local.testCase_webpage_default = local.testCase_webpage_default || function (","            options,","            onError","        ) {","        /*","         * this function will test webpage's default handling-behavior","         */","            options = { modeCoverageMerge: true, url: local.serverLocalHost + '?modeTest=1' };","            local.browserTest(options, onError);","        };","","        // run test-server","        local.testRunServer(local);","        break;","    }","}());",""],"l":{"12":2,"14":2,"19":2,"21":2,"23":2,"24":2,"25":2,"30":1,"37":2,"40":2,"43":1,"47":1,"50":1,"52":1,"55":2,"61":2,"62":2,"64":2,"70":1,"76":1,"82":2,"83":2,"85":2,"91":1,"98":1,"102":1,"105":1,"112":1,"119":1,"120":1,"123":1,"130":1,"131":1,"132":1,"133":1,"134":1,"135":1,"138":1,"143":2,"144":2,"147":1,"154":2,"155":2,"158":1,"165":2,"166":2,"169":1,"176":2,"177":2,"180":1,"187":1,"188":1,"192":1,"193":1}},"/home/travis/build/npmtest/node-npmtest-nlp-toolkit/lib.npmtest_nlp_toolkit.js":{"path":"/home/travis/build/npmtest/node-npmtest-nlp-toolkit/lib.npmtest_nlp_toolkit.js","s":{"1":2,"2":2,"3":2,"4":2,"5":2,"6":2,"7":2,"8":1,"9":2,"10":2,"11":2,"12":2,"13":1,"14":1,"15":1,"16":1},"b":{"1":[2,1,1,1],"2":[1,1,1,1],"3":[1,1],"4":[2,2],"5":[1,1]},"f":{"1":2,"2":2,"3":2},"fnMap":{"1":{"name":"(anonymous_1)","line":12,"loc":{"start":{"line":12,"column":1},"end":{"line":12,"column":13}}},"2":{"name":"(anonymous_2)","line":19,"loc":{"start":{"line":19,"column":5},"end":{"line":19,"column":17}}},"3":{"name":"(anonymous_3)","line":23,"loc":{"start":{"line":23,"column":24},"end":{"line":23,"column":36}}}},"statementMap":{"1":{"start":{"line":12,"column":0},"end":{"line":53,"column":5}},"2":{"start":{"line":14,"column":4},"end":{"line":14,"column":14}},"3":{"start":{"line":19,"column":4},"end":{"line":52,"column":9}},"4":{"start":{"line":21,"column":8},"end":{"line":21,"column":19}},"5":{"start":{"line":23,"column":8},"end":{"line":35,"column":13}},"6":{"start":{"line":24,"column":12},"end":{"line":34,"column":13}},"7":{"start":{"line":25,"column":16},"end":{"line":28,"column":30}},"8":{"start":{"line":30,"column":16},"end":{"line":33,"column":27}},"9":{"start":{"line":37,"column":8},"end":{"line":39,"column":21}},"10":{"start":{"line":41,"column":8},"end":{"line":41,"column":54}},"11":{"start":{"line":43,"column":8},"end":{"line":43,"column":56}},"12":{"start":{"line":45,"column":8},"end":{"line":51,"column":9}},"13":{"start":{"line":46,"column":12},"end":{"line":46,"column":62}},"14":{"start":{"line":48,"column":12},"end":{"line":48,"column":35}},"15":{"start":{"line":49,"column":12},"end":{"line":49,"column":49}},"16":{"start":{"line":50,"column":12},"end":{"line":50,"column":43}}},"branchMap":{"1":{"line":25,"type":"binary-expr","locations":[{"start":{"line":25,"column":23},"end":{"line":25,"column":62}},{"start":{"line":26,"column":20},"end":{"line":26,"column":70}},{"start":{"line":27,"column":20},"end":{"line":27,"column":71}},{"start":{"line":28,"column":20},"end":{"line":28,"column":29}}]},"2":{"line":30,"type":"binary-expr","locations":[{"start":{"line":30,"column":23},"end":{"line":30,"column":37}},{"start":{"line":31,"column":20},"end":{"line":31,"column":61}},{"start":{"line":32,"column":20},"end":{"line":32,"column":70}},{"start":{"line":33,"column":20},"end":{"line":33,"column":26}}]},"3":{"line":37,"type":"cond-expr","locations":[{"start":{"line":38,"column":14},"end":{"line":38,"column":20}},{"start":{"line":39,"column":14},"end":{"line":39,"column":20}}]},"4":{"line":41,"type":"binary-expr","locations":[{"start":{"line":41,"column":16},"end":{"line":41,"column":44}},{"start":{"line":41,"column":48},"end":{"line":41,"column":53}}]},"5":{"line":45,"type":"if","locations":[{"start":{"line":45,"column":8},"end":{"line":45,"column":8}},{"start":{"line":45,"column":8},"end":{"line":45,"column":8}}]}},"code":["/* istanbul instrument in package npmtest_nlp_toolkit */","/*jslint","    bitwise: true,","    browser: true,","    maxerr: 8,","    maxlen: 96,","    node: true,","    nomen: true,","    regexp: true,","    stupid: true","*/","(function () {","    'use strict';","    var local;","","","","    // run shared js-env code - pre-init","    (function () {","        // init local","        local = {};","        // init modeJs","        local.modeJs = (function () {","            try {","                return typeof navigator.userAgent === 'string' &&","                    typeof document.querySelector('body') === 'object' &&","                    typeof XMLHttpRequest.prototype.open === 'function' &&","                    'browser';","            } catch (errorCaughtBrowser) {","                return module.exports &&","                    typeof process.versions.node === 'string' &&","                    typeof require('http').createServer === 'function' &&","                    'node';","            }","        }());","        // init global","        local.global = local.modeJs === 'browser'","            ? window","            : global;","        // init utility2_rollup","        local = local.global.utility2_rollup || local;","        // init lib","        local.local = local.npmtest_nlp_toolkit = local;","        // init exports","        if (local.modeJs === 'browser') {","            local.global.utility2_npmtest_nlp_toolkit = local;","        } else {","            module.exports = local;","            module.exports.__dirname = __dirname;","            module.exports.module = module;","        }","    }());","}());",""],"l":{"12":2,"14":2,"19":2,"21":2,"23":2,"24":2,"25":2,"30":1,"37":2,"41":2,"43":2,"45":2,"46":1,"48":1,"49":1,"50":1}},"/home/travis/build/npmtest/node-npmtest-nlp-toolkit/example.js":{"path":"/home/travis/build/npmtest/node-npmtest-nlp-toolkit/example.js","s":{"1":2,"2":2,"3":2,"4":2,"5":2,"6":2,"7":2,"8":1,"9":2,"10":2,"11":2,"12":2,"13":1,"14":2,"15":2,"16":2,"17":2,"18":2,"19":0,"20":2,"21":1,"22":1,"23":1,"24":1,"25":1,"26":0,"27":0,"28":1,"29":1,"30":2,"31":0,"32":0,"33":0,"34":1,"35":2,"36":2,"37":3,"38":3,"39":3,"40":3,"41":0,"42":3,"43":3,"44":3,"45":1,"46":3,"47":1,"48":1,"49":1,"50":1,"51":1,"52":1,"53":1,"54":1,"55":1,"56":1,"57":0,"58":1,"59":6,"60":6,"61":1,"62":2,"63":0,"64":2,"65":1,"66":1,"67":0,"68":0,"69":0,"70":0,"71":0,"72":0,"73":0,"74":0,"75":0,"76":0,"77":0,"78":0,"79":0,"80":0,"81":0,"82":0,"83":0},"b":{"1":[2,1,1,1],"2":[1,1,1,1],"3":[1,1],"4":[2,2],"5":[1,1],"6":[1,1],"7":[2,0],"8":[2,1,1,1,1,1],"9":[0,2,0],"10":[1,1],"11":[2,1,1],"12":[1,0],"13":[0,2],"14":[2,0,0,0,0,0,0],"15":[0,3],"16":[3,0],"17":[1,1],"18":[0,1],"19":[1,2,0,2],"20":[1,0],"21":[1,1],"22":[0,0],"23":[0,0],"24":[0,0],"25":[0,0],"26":[0,0],"27":[0,0],"28":[0,0]},"f":{"1":2,"2":2,"3":2,"4":2,"5":2,"6":2,"7":3,"8":3,"9":3,"10":1,"11":6,"12":0},"fnMap":{"1":{"name":"(anonymous_1)","line":26,"loc":{"start":{"line":26,"column":1},"end":{"line":26,"column":13}}},"2":{"name":"(anonymous_2)","line":33,"loc":{"start":{"line":33,"column":5},"end":{"line":33,"column":17}}},"3":{"name":"(anonymous_3)","line":37,"loc":{"start":{"line":37,"column":24},"end":{"line":37,"column":36}}},"4":{"name":"(anonymous_4)","line":69,"loc":{"start":{"line":69,"column":31},"end":{"line":69,"column":48}},"skip":true},"5":{"name":"(anonymous_5)","line":78,"loc":{"start":{"line":78,"column":26},"end":{"line":78,"column":45}},"skip":true},"6":{"name":"(anonymous_6)","line":123,"loc":{"start":{"line":123,"column":33},"end":{"line":123,"column":48}},"skip":true},"7":{"name":"(anonymous_7)","line":125,"loc":{"start":{"line":125,"column":27},"end":{"line":125,"column":39}},"skip":true},"8":{"name":"(anonymous_8)","line":133,"loc":{"start":{"line":133,"column":59},"end":{"line":133,"column":74}},"skip":true},"9":{"name":"(anonymous_9)","line":143,"loc":{"start":{"line":143,"column":45},"end":{"line":143,"column":62}},"skip":true},"10":{"name":"(anonymous_10)","line":144,"loc":{"start":{"line":144,"column":73},"end":{"line":144,"column":92}},"skip":true},"11":{"name":"(anonymous_11)","line":272,"loc":{"start":{"line":272,"column":51},"end":{"line":272,"column":77}},"skip":true},"12":{"name":"(anonymous_12)","line":315,"loc":{"start":{"line":315,"column":32},"end":{"line":315,"column":61}},"skip":true}},"statementMap":{"1":{"start":{"line":26,"column":0},"end":{"line":326,"column":5}},"2":{"start":{"line":28,"column":4},"end":{"line":28,"column":14}},"3":{"start":{"line":33,"column":4},"end":{"line":60,"column":9}},"4":{"start":{"line":35,"column":8},"end":{"line":35,"column":19}},"5":{"start":{"line":37,"column":8},"end":{"line":49,"column":13}},"6":{"start":{"line":38,"column":12},"end":{"line":48,"column":13}},"7":{"start":{"line":39,"column":16},"end":{"line":42,"column":30}},"8":{"start":{"line":44,"column":16},"end":{"line":47,"column":27}},"9":{"start":{"line":51,"column":8},"end":{"line":53,"column":21}},"10":{"start":{"line":55,"column":8},"end":{"line":57,"column":45}},"11":{"start":{"line":59,"column":8},"end":{"line":59,"column":35}},"12":{"start":{"line":61,"column":4},"end":{"line":325,"column":5}},"13":{"start":{"line":69,"column":8},"end":{"line":121,"column":10},"skip":true},"14":{"start":{"line":70,"column":12},"end":{"line":88,"column":13},"skip":true},"15":{"start":{"line":76,"column":16},"end":{"line":87,"column":19},"skip":true},"16":{"start":{"line":79,"column":20},"end":{"line":86,"column":21},"skip":true},"17":{"start":{"line":82,"column":24},"end":{"line":82,"column":43},"skip":true},"18":{"start":{"line":83,"column":24},"end":{"line":83,"column":30},"skip":true},"19":{"start":{"line":85,"column":24},"end":{"line":85,"column":49},"skip":true},"20":{"start":{"line":89,"column":12},"end":{"line":107,"column":13},"skip":true},"21":{"start":{"line":92,"column":16},"end":{"line":102,"column":17},"skip":true},"22":{"start":{"line":93,"column":20},"end":{"line":93,"column":86},"skip":true},"23":{"start":{"line":94,"column":20},"end":{"line":95,"column":45},"skip":true},"24":{"start":{"line":96,"column":20},"end":{"line":96,"column":42},"skip":true},"25":{"start":{"line":97,"column":20},"end":{"line":97,"column":48},"skip":true},"26":{"start":{"line":100,"column":20},"end":{"line":100,"column":85},"skip":true},"27":{"start":{"line":101,"column":20},"end":{"line":101,"column":96},"skip":true},"28":{"start":{"line":103,"column":16},"end":{"line":103,"column":22},"skip":true},"29":{"start":{"line":106,"column":16},"end":{"line":106,"column":22},"skip":true},"30":{"start":{"line":108,"column":12},"end":{"line":120,"column":13},"skip":true},"31":{"start":{"line":114,"column":16},"end":{"line":119,"column":17},"skip":true},"32":{"start":{"line":116,"column":20},"end":{"line":116,"column":78},"skip":true},"33":{"start":{"line":118,"column":20},"end":{"line":118,"column":47},"skip":true},"34":{"start":{"line":123,"column":8},"end":{"line":141,"column":11},"skip":true},"35":{"start":{"line":124,"column":12},"end":{"line":124,"column":54},"skip":true},"36":{"start":{"line":125,"column":12},"end":{"line":140,"column":14},"skip":true},"37":{"start":{"line":126,"column":16},"end":{"line":126,"column":28},"skip":true},"38":{"start":{"line":127,"column":16},"end":{"line":127,"column":69},"skip":true},"39":{"start":{"line":128,"column":16},"end":{"line":128,"column":75},"skip":true},"40":{"start":{"line":129,"column":16},"end":{"line":131,"column":17},"skip":true},"41":{"start":{"line":130,"column":20},"end":{"line":130,"column":27},"skip":true},"42":{"start":{"line":133,"column":16},"end":{"line":137,"column":36},"skip":true},"43":{"start":{"line":134,"column":20},"end":{"line":136,"column":55},"skip":true},"44":{"start":{"line":139,"column":16},"end":{"line":139,"column":57},"skip":true},"45":{"start":{"line":143,"column":8},"end":{"line":147,"column":11},"skip":true},"46":{"start":{"line":144,"column":12},"end":{"line":146,"column":15},"skip":true},"47":{"start":{"line":145,"column":16},"end":{"line":145,"column":70},"skip":true},"48":{"start":{"line":149,"column":8},"end":{"line":149,"column":31},"skip":true},"49":{"start":{"line":150,"column":8},"end":{"line":150,"column":14},"skip":true},"50":{"start":{"line":158,"column":8},"end":{"line":158,"column":31},"skip":true},"51":{"start":{"line":160,"column":8},"end":{"line":160,"column":33},"skip":true},"52":{"start":{"line":161,"column":8},"end":{"line":161,"column":37},"skip":true},"53":{"start":{"line":162,"column":8},"end":{"line":162,"column":35},"skip":true},"54":{"start":{"line":164,"column":8},"end":{"line":164,"column":50},"skip":true},"55":{"start":{"line":166,"column":8},"end":{"line":256,"column":2},"skip":true},"56":{"start":{"line":258,"column":8},"end":{"line":286,"column":9},"skip":true},"57":{"start":{"line":259,"column":12},"end":{"line":269,"column":14},"skip":true},"58":{"start":{"line":271,"column":12},"end":{"line":285,"column":19},"skip":true},"59":{"start":{"line":274,"column":20},"end":{"line":274,"column":35},"skip":true},"60":{"start":{"line":275,"column":20},"end":{"line":284,"column":21},"skip":true},"61":{"start":{"line":277,"column":24},"end":{"line":277,"column":64},"skip":true},"62":{"start":{"line":279,"column":24},"end":{"line":279,"column":40},"skip":true},"63":{"start":{"line":281,"column":24},"end":{"line":281,"column":40},"skip":true},"64":{"start":{"line":283,"column":24},"end":{"line":283,"column":39},"skip":true},"65":{"start":{"line":288,"column":8},"end":{"line":290,"column":9},"skip":true},"66":{"start":{"line":289,"column":12},"end":{"line":289,"column":18},"skip":true},"67":{"start":{"line":291,"column":8},"end":{"line":293,"column":54},"skip":true},"68":{"start":{"line":296,"column":8},"end":{"line":301,"column":37},"skip":true},"69":{"start":{"line":303,"column":8},"end":{"line":303,"column":82},"skip":true},"70":{"start":{"line":306,"column":8},"end":{"line":308,"column":9},"skip":true},"71":{"start":{"line":307,"column":12},"end":{"line":307,"column":82},"skip":true},"72":{"start":{"line":310,"column":8},"end":{"line":312,"column":9},"skip":true},"73":{"start":{"line":311,"column":12},"end":{"line":311,"column":18},"skip":true},"74":{"start":{"line":313,"column":8},"end":{"line":313,"column":54},"skip":true},"75":{"start":{"line":314,"column":8},"end":{"line":314,"column":69},"skip":true},"76":{"start":{"line":315,"column":8},"end":{"line":323,"column":36},"skip":true},"77":{"start":{"line":316,"column":12},"end":{"line":316,"column":61},"skip":true},"78":{"start":{"line":317,"column":12},"end":{"line":320,"column":13},"skip":true},"79":{"start":{"line":318,"column":16},"end":{"line":318,"column":75},"skip":true},"80":{"start":{"line":319,"column":16},"end":{"line":319,"column":23},"skip":true},"81":{"start":{"line":321,"column":12},"end":{"line":321,"column":38},"skip":true},"82":{"start":{"line":322,"column":12},"end":{"line":322,"column":27},"skip":true},"83":{"start":{"line":324,"column":8},"end":{"line":324,"column":14},"skip":true}},"branchMap":{"1":{"line":39,"type":"binary-expr","locations":[{"start":{"line":39,"column":23},"end":{"line":39,"column":62}},{"start":{"line":40,"column":20},"end":{"line":40,"column":70}},{"start":{"line":41,"column":20},"end":{"line":41,"column":71}},{"start":{"line":42,"column":20},"end":{"line":42,"column":29}}]},"2":{"line":44,"type":"binary-expr","locations":[{"start":{"line":44,"column":23},"end":{"line":44,"column":37}},{"start":{"line":45,"column":20},"end":{"line":45,"column":61}},{"start":{"line":46,"column":20},"end":{"line":46,"column":70}},{"start":{"line":47,"column":20},"end":{"line":47,"column":26}}]},"3":{"line":51,"type":"cond-expr","locations":[{"start":{"line":52,"column":14},"end":{"line":52,"column":20}},{"start":{"line":53,"column":14},"end":{"line":53,"column":20}}]},"4":{"line":55,"type":"binary-expr","locations":[{"start":{"line":55,"column":16},"end":{"line":55,"column":44}},{"start":{"line":55,"column":49},"end":{"line":57,"column":43}}]},"5":{"line":55,"type":"cond-expr","locations":[{"start":{"line":56,"column":14},"end":{"line":56,"column":55}},{"start":{"line":57,"column":14},"end":{"line":57,"column":43}}]},"6":{"line":61,"type":"switch","locations":[{"start":{"line":68,"column":4},"end":{"line":150,"column":14},"skip":true},{"start":{"line":156,"column":4},"end":{"line":324,"column":14},"skip":true}]},"7":{"line":70,"type":"if","locations":[{"start":{"line":70,"column":12},"end":{"line":70,"column":12},"skip":true},{"start":{"line":70,"column":12},"end":{"line":70,"column":12},"skip":true}]},"8":{"line":70,"type":"binary-expr","locations":[{"start":{"line":70,"column":16},"end":{"line":70,"column":22},"skip":true},{"start":{"line":70,"column":27},"end":{"line":70,"column":32},"skip":true},{"start":{"line":71,"column":20},"end":{"line":71,"column":39},"skip":true},{"start":{"line":72,"column":20},"end":{"line":72,"column":49},"skip":true},{"start":{"line":73,"column":20},"end":{"line":73,"column":58},"skip":true},{"start":{"line":74,"column":20},"end":{"line":74,"column":69},"skip":true}]},"9":{"line":79,"type":"switch","locations":[{"start":{"line":80,"column":20},"end":{"line":80,"column":33},"skip":true},{"start":{"line":81,"column":20},"end":{"line":83,"column":30},"skip":true},{"start":{"line":84,"column":20},"end":{"line":85,"column":49},"skip":true}]},"10":{"line":89,"type":"switch","locations":[{"start":{"line":90,"column":12},"end":{"line":103,"column":22},"skip":true},{"start":{"line":105,"column":12},"end":{"line":106,"column":22},"skip":true}]},"11":{"line":89,"type":"binary-expr","locations":[{"start":{"line":89,"column":20},"end":{"line":89,"column":25},"skip":true},{"start":{"line":89,"column":29},"end":{"line":89,"column":48},"skip":true},{"start":{"line":89,"column":52},"end":{"line":89,"column":74},"skip":true}]},"12":{"line":92,"type":"if","locations":[{"start":{"line":92,"column":16},"end":{"line":92,"column":16},"skip":true},{"start":{"line":92,"column":16},"end":{"line":92,"column":16},"skip":true}]},"13":{"line":108,"type":"if","locations":[{"start":{"line":108,"column":12},"end":{"line":108,"column":12},"skip":true},{"start":{"line":108,"column":12},"end":{"line":108,"column":12},"skip":true}]},"14":{"line":108,"type":"binary-expr","locations":[{"start":{"line":108,"column":16},"end":{"line":108,"column":61},"skip":true},{"start":{"line":108,"column":66},"end":{"line":108,"column":72},"skip":true},{"start":{"line":108,"column":77},"end":{"line":108,"column":82},"skip":true},{"start":{"line":109,"column":20},"end":{"line":109,"column":39},"skip":true},{"start":{"line":110,"column":20},"end":{"line":110,"column":49},"skip":true},{"start":{"line":111,"column":20},"end":{"line":111,"column":58},"skip":true},{"start":{"line":112,"column":20},"end":{"line":112,"column":68},"skip":true}]},"15":{"line":129,"type":"if","locations":[{"start":{"line":129,"column":16},"end":{"line":129,"column":16},"skip":true},{"start":{"line":129,"column":16},"end":{"line":129,"column":16},"skip":true}]},"16":{"line":134,"type":"cond-expr","locations":[{"start":{"line":135,"column":26},"end":{"line":135,"column":29},"skip":true},{"start":{"line":136,"column":26},"end":{"line":136,"column":54},"skip":true}]},"17":{"line":164,"type":"binary-expr","locations":[{"start":{"line":164,"column":27},"end":{"line":164,"column":43},"skip":true},{"start":{"line":164,"column":47},"end":{"line":164,"column":49},"skip":true}]},"18":{"line":258,"type":"if","locations":[{"start":{"line":258,"column":8},"end":{"line":258,"column":8},"skip":true},{"start":{"line":258,"column":8},"end":{"line":258,"column":8},"skip":true}]},"19":{"line":275,"type":"switch","locations":[{"start":{"line":276,"column":20},"end":{"line":277,"column":64},"skip":true},{"start":{"line":278,"column":20},"end":{"line":279,"column":40},"skip":true},{"start":{"line":280,"column":20},"end":{"line":281,"column":40},"skip":true},{"start":{"line":282,"column":20},"end":{"line":283,"column":39},"skip":true}]},"20":{"line":288,"type":"if","locations":[{"start":{"line":288,"column":8},"end":{"line":288,"column":8},"skip":true},{"start":{"line":288,"column":8},"end":{"line":288,"column":8},"skip":true}]},"21":{"line":288,"type":"binary-expr","locations":[{"start":{"line":288,"column":12},"end":{"line":288,"column":40},"skip":true},{"start":{"line":288,"column":44},"end":{"line":288,"column":67},"skip":true}]},"22":{"line":292,"type":"binary-expr","locations":[{"start":{"line":292,"column":12},"end":{"line":292,"column":50},"skip":true},{"start":{"line":293,"column":12},"end":{"line":293,"column":53},"skip":true}]},"23":{"line":297,"type":"binary-expr","locations":[{"start":{"line":297,"column":12},"end":{"line":297,"column":69},"skip":true},{"start":{"line":298,"column":12},"end":{"line":301,"column":36},"skip":true}]},"24":{"line":303,"type":"binary-expr","locations":[{"start":{"line":303,"column":43},"end":{"line":303,"column":75},"skip":true},{"start":{"line":303,"column":79},"end":{"line":303,"column":81},"skip":true}]},"25":{"line":306,"type":"if","locations":[{"start":{"line":306,"column":8},"end":{"line":306,"column":8},"skip":true},{"start":{"line":306,"column":8},"end":{"line":306,"column":8},"skip":true}]},"26":{"line":310,"type":"if","locations":[{"start":{"line":310,"column":8},"end":{"line":310,"column":8},"skip":true},{"start":{"line":310,"column":8},"end":{"line":310,"column":8},"skip":true}]},"27":{"line":313,"type":"binary-expr","locations":[{"start":{"line":313,"column":27},"end":{"line":313,"column":43},"skip":true},{"start":{"line":313,"column":47},"end":{"line":313,"column":53},"skip":true}]},"28":{"line":317,"type":"if","locations":[{"start":{"line":317,"column":12},"end":{"line":317,"column":12},"skip":true},{"start":{"line":317,"column":12},"end":{"line":317,"column":12},"skip":true}]}},"code":["/*","example.js","","quickstart example","","instruction","    1. save this script as example.js","    2. run the shell command:","        $ npm install npmtest-nlp-toolkit && PORT=8081 node example.js","    3. play with the browser-demo on http://127.0.0.1:8081","*/","","","","/* istanbul instrument in package npmtest_nlp_toolkit */","/*jslint","    bitwise: true,","    browser: true,","    maxerr: 8,","    maxlen: 96,","    node: true,","    nomen: true,","    regexp: true,","    stupid: true","*/","(function () {","    'use strict';","    var local;","","","","    // run shared js-env code - pre-init","    (function () {","        // init local","        local = {};","        // init modeJs","        local.modeJs = (function () {","            try {","                return typeof navigator.userAgent === 'string' &&","                    typeof document.querySelector('body') === 'object' &&","                    typeof XMLHttpRequest.prototype.open === 'function' &&","                    'browser';","            } catch (errorCaughtBrowser) {","                return module.exports &&","                    typeof process.versions.node === 'string' &&","                    typeof require('http').createServer === 'function' &&","                    'node';","            }","        }());","        // init global","        local.global = local.modeJs === 'browser'","            ? window","            : global;","        // init utility2_rollup","        local = local.global.utility2_rollup || (local.modeJs === 'browser'","            ? local.global.utility2_npmtest_nlp_toolkit","            : global.utility2_moduleExports);","        // export local","        local.global.local = local;","    }());","    switch (local.modeJs) {","","","","    // post-init","    // run browser js-env code - post-init","    /* istanbul ignore next */","    case 'browser':","        local.testRunBrowser = function (event) {","            if (!event || (event &&","                    event.currentTarget &&","                    event.currentTarget.className &&","                    event.currentTarget.className.includes &&","                    event.currentTarget.className.includes('onreset'))) {","                // reset output","                Array.from(","                    document.querySelectorAll('body > .resettable')","                ).forEach(function (element) {","                    switch (element.tagName) {","                    case 'INPUT':","                    case 'TEXTAREA':","                        element.value = '';","                        break;","                    default:","                        element.textContent = '';","                    }","                });","            }","            switch (event && event.currentTarget && event.currentTarget.id) {","            case 'testRunButton1':","                // show tests","                if (document.querySelector('#testReportDiv1').style.display === 'none') {","                    document.querySelector('#testReportDiv1').style.display = 'block';","                    document.querySelector('#testRunButton1').textContent =","                        'hide internal test';","                    local.modeTest = true;","                    local.testRunDefault(local);","                // hide tests","                } else {","                    document.querySelector('#testReportDiv1').style.display = 'none';","                    document.querySelector('#testRunButton1').textContent = 'run internal test';","                }","                break;","            // custom-case","            default:","                break;","            }","            if (document.querySelector('#inputTextareaEval1') && (!event || (event &&","                    event.currentTarget &&","                    event.currentTarget.className &&","                    event.currentTarget.className.includes &&","                    event.currentTarget.className.includes('oneval')))) {","                // try to eval input-code","                try {","                    /*jslint evil: true*/","                    eval(document.querySelector('#inputTextareaEval1').value);","                } catch (errorCaught) {","                    console.error(errorCaught);","                }","            }","        };","        // log stderr and stdout to #outputTextareaStdout1","        ['error', 'log'].forEach(function (key) {","            console[key + '_original'] = console[key];","            console[key] = function () {","                var element;","                console[key + '_original'].apply(console, arguments);","                element = document.querySelector('#outputTextareaStdout1');","                if (!element) {","                    return;","                }","                // append text to #outputTextareaStdout1","                element.value += Array.from(arguments).map(function (arg) {","                    return typeof arg === 'string'","                        ? arg","                        : JSON.stringify(arg, null, 4);","                }).join(' ') + '\\n';","                // scroll textarea to bottom","                element.scrollTop = element.scrollHeight;","            };","        });","        // init event-handling","        ['change', 'click', 'keyup'].forEach(function (event) {","            Array.from(document.querySelectorAll('.on' + event)).forEach(function (element) {","                element.addEventListener(event, local.testRunBrowser);","            });","        });","        // run tests","        local.testRunBrowser();","        break;","","","","    // run node js-env code - post-init","    /* istanbul ignore next */","    case 'node':","        // export local","        module.exports = local;","        // require modules","        local.fs = require('fs');","        local.http = require('http');","        local.url = require('url');","        // init assets","        local.assetsDict = local.assetsDict || {};","        /* jslint-ignore-begin */","        local.assetsDict['/assets.index.template.html'] = '\\","<!doctype html>\\n\\","<html lang=\"en\">\\n\\","<head>\\n\\","<meta charset=\"UTF-8\">\\n\\","<meta name=\"viewport\" content=\"width=device-width, initial-scale=1\">\\n\\","<title>{{env.npm_package_name}} (v{{env.npm_package_version}})</title>\\n\\","<style>\\n\\","/*csslint\\n\\","    box-sizing: false,\\n\\","    universal-selector: false\\n\\","*/\\n\\","* {\\n\\","    box-sizing: border-box;\\n\\","}\\n\\","body {\\n\\","    background: #dde;\\n\\","    font-family: Arial, Helvetica, sans-serif;\\n\\","    margin: 2rem;\\n\\","}\\n\\","body > * {\\n\\","    margin-bottom: 1rem;\\n\\","}\\n\\",".utility2FooterDiv {\\n\\","    margin-top: 20px;\\n\\","    text-align: center;\\n\\","}\\n\\","</style>\\n\\","<style>\\n\\","/*csslint\\n\\","*/\\n\\","textarea {\\n\\","    font-family: monospace;\\n\\","    height: 10rem;\\n\\","    width: 100%;\\n\\","}\\n\\","textarea[readonly] {\\n\\","    background: #ddd;\\n\\","}\\n\\","</style>\\n\\","</head>\\n\\","<body>\\n\\","<!-- utility2-comment\\n\\","<div id=\"ajaxProgressDiv1\" style=\"background: #d00; height: 2px; left: 0; margin: 0; padding: 0; position: fixed; top: 0; transition: background 0.5s, width 1.5s; width: 25%;\"></div>\\n\\","utility2-comment -->\\n\\","<h1>\\n\\","<!-- utility2-comment\\n\\","    <a\\n\\","        {{#if env.npm_package_homepage}}\\n\\","        href=\"{{env.npm_package_homepage}}\"\\n\\","        {{/if env.npm_package_homepage}}\\n\\","        target=\"_blank\"\\n\\","    >\\n\\","utility2-comment -->\\n\\","        {{env.npm_package_name}} (v{{env.npm_package_version}})\\n\\","<!-- utility2-comment\\n\\","    </a>\\n\\","utility2-comment -->\\n\\","</h1>\\n\\","<h3>{{env.npm_package_description}}</h3>\\n\\","<!-- utility2-comment\\n\\","<h4><a download href=\"assets.app.js\">download standalone app</a></h4>\\n\\","<button class=\"onclick onreset\" id=\"testRunButton1\">run internal test</button><br>\\n\\","<div id=\"testReportDiv1\" style=\"display: none;\"></div>\\n\\","utility2-comment -->\\n\\","\\n\\","\\n\\","\\n\\","<label>stderr and stdout</label>\\n\\","<textarea class=\"resettable\" id=\"outputTextareaStdout1\" readonly></textarea>\\n\\","<!-- utility2-comment\\n\\","{{#if isRollup}}\\n\\","<script src=\"assets.app.js\"></script>\\n\\","{{#unless isRollup}}\\n\\","utility2-comment -->\\n\\","<script src=\"assets.utility2.rollup.js\"></script>\\n\\","<script src=\"jsonp.utility2._stateInit?callback=window.utility2._stateInit\"></script>\\n\\","<script src=\"assets.npmtest_nlp_toolkit.rollup.js\"></script>\\n\\","<script src=\"assets.example.js\"></script>\\n\\","<script src=\"assets.test.js\"></script>\\n\\","<!-- utility2-comment\\n\\","{{/if isRollup}}\\n\\","utility2-comment -->\\n\\","<div class=\"utility2FooterDiv\">\\n\\","    [ this app was created with\\n\\","    <a href=\"https://github.com/kaizhu256/node-utility2\" target=\"_blank\">utility2</a>\\n\\","    ]\\n\\","</div>\\n\\","</body>\\n\\","</html>\\n\\","';","        /* jslint-ignore-end */","        if (local.templateRender) {","            local.assetsDict['/'] = local.templateRender(","                local.assetsDict['/assets.index.template.html'],","                {","                    env: local.objectSetDefault(local.env, {","                        npm_package_description: 'the greatest app in the world!',","                        npm_package_name: 'my-app',","                        npm_package_nameAlias: 'my_app',","                        npm_package_version: '0.0.1'","                    })","                }","            );","        } else {","            local.assetsDict['/'] = local.assetsDict['/assets.index.template.html']","                .replace((/\\{\\{env\\.(\\w+?)\\}\\}/g), function (match0, match1) {","                    // jslint-hack","                    String(match0);","                    switch (match1) {","                    case 'npm_package_description':","                        return 'the greatest app in the world!';","                    case 'npm_package_name':","                        return 'my-app';","                    case 'npm_package_nameAlias':","                        return 'my_app';","                    case 'npm_package_version':","                        return '0.0.1';","                    }","                });","        }","        // run the cli","        if (local.global.utility2_rollup || module !== require.main) {","            break;","        }","        local.assetsDict['/assets.example.js'] =","            local.assetsDict['/assets.example.js'] ||","            local.fs.readFileSync(__filename, 'utf8');","        // bug-workaround - long $npm_package_buildCustomOrg","        /* jslint-ignore-begin */","        local.assetsDict['/assets.npmtest_nlp_toolkit.rollup.js'] =","            local.assetsDict['/assets.npmtest_nlp_toolkit.rollup.js'] ||","            local.fs.readFileSync(","                local.npmtest_nlp_toolkit.__dirname + '/lib.npmtest_nlp_toolkit.js',","                'utf8'","            ).replace((/^#!/), '//');","        /* jslint-ignore-end */","        local.assetsDict['/favicon.ico'] = local.assetsDict['/favicon.ico'] || '';","        // if $npm_config_timeout_exit exists,","        // then exit this process after $npm_config_timeout_exit ms","        if (Number(process.env.npm_config_timeout_exit)) {","            setTimeout(process.exit, Number(process.env.npm_config_timeout_exit));","        }","        // start server","        if (local.global.utility2_serverHttp1) {","            break;","        }","        process.env.PORT = process.env.PORT || '8081';","        console.error('server starting on port ' + process.env.PORT);","        local.http.createServer(function (request, response) {","            request.urlParsed = local.url.parse(request.url);","            if (local.assetsDict[request.urlParsed.pathname] !== undefined) {","                response.end(local.assetsDict[request.urlParsed.pathname]);","                return;","            }","            response.statusCode = 404;","            response.end();","        }).listen(process.env.PORT);","        break;","    }","}());",""],"l":{"26":2,"28":2,"33":2,"35":2,"37":2,"38":2,"39":2,"44":1,"51":2,"55":2,"59":2,"61":2,"69":1,"70":2,"76":2,"79":2,"82":2,"83":2,"85":1,"89":2,"92":1,"93":1,"94":1,"96":1,"97":1,"100":1,"101":1,"103":1,"106":1,"108":2,"114":1,"116":1,"118":1,"123":1,"124":2,"125":2,"126":3,"127":3,"128":3,"129":3,"130":1,"133":3,"134":3,"139":3,"143":1,"144":3,"145":1,"149":1,"150":1,"158":1,"160":1,"161":1,"162":1,"164":1,"166":1,"258":1,"259":1,"271":1,"274":6,"275":6,"277":1,"279":2,"281":1,"283":2,"288":1,"289":1,"291":1,"296":1,"303":1,"306":1,"307":1,"310":1,"311":1,"313":1,"314":1,"315":1,"316":1,"317":1,"318":1,"319":1,"321":1,"322":1,"324":1}},"/home/travis/build/npmtest/node-npmtest-nlp-toolkit/node_modules/nlp-toolkit/index.js":{"path":"/home/travis/build/npmtest/node-npmtest-nlp-toolkit/node_modules/nlp-toolkit/index.js","s":{"1":1},"b":{},"f":{},"fnMap":{},"statementMap":{"1":{"start":{"line":1,"column":0},"end":{"line":1,"column":34}}},"branchMap":{},"code":["module.exports = require('./lib');"],"l":{"1":1}},"/home/travis/build/npmtest/node-npmtest-nlp-toolkit/node_modules/nlp-toolkit/lib/index.js":{"path":"/home/travis/build/npmtest/node-npmtest-nlp-toolkit/node_modules/nlp-toolkit/lib/index.js","s":{"1":1,"2":1,"3":1,"4":1,"5":1,"6":1,"7":1,"8":1,"9":1,"10":1,"11":1,"12":1,"13":1,"14":1},"b":{},"f":{},"fnMap":{},"statementMap":{"1":{"start":{"line":12,"column":0},"end":{"line":12,"column":42}},"2":{"start":{"line":13,"column":0},"end":{"line":13,"column":38}},"3":{"start":{"line":14,"column":0},"end":{"line":14,"column":42}},"4":{"start":{"line":15,"column":0},"end":{"line":15,"column":38}},"5":{"start":{"line":16,"column":0},"end":{"line":16,"column":42}},"6":{"start":{"line":17,"column":0},"end":{"line":17,"column":30}},"7":{"start":{"line":18,"column":0},"end":{"line":18,"column":36}},"8":{"start":{"line":19,"column":0},"end":{"line":19,"column":42}},"9":{"start":{"line":20,"column":0},"end":{"line":20,"column":43}},"10":{"start":{"line":21,"column":0},"end":{"line":21,"column":54}},"11":{"start":{"line":22,"column":0},"end":{"line":22,"column":35}},"12":{"start":{"line":23,"column":0},"end":{"line":23,"column":39}},"13":{"start":{"line":24,"column":0},"end":{"line":24,"column":41}},"14":{"start":{"line":30,"column":0},"end":{"line":44,"column":2}}},"branchMap":{},"code":["/**"," * Nlp."," */","","","'use strict';","","","/**"," * MODULES."," */","var tokenizer = require('./tokenizer.js');","var prepare = require('./prepare.js');","var stopwords = require('./stopwords.js');","var stemmer = require('./stemmer.js');","var frequency = require('./frequency.js');","var idf = require('./idf.js');","var divide = require('./divide.js');","var serialize = require('./serialize.js');","var classifiers = require('./classifiers');","var crossValidation = require('./crossValidation.js');","var filters = require('./filters');","var calculate = require('./calculate');","var components = require('./components');","","","/**"," * EXPORTS."," */","module.exports = {","  prepare: prepare,","  tokenizer: tokenizer,","  stopwords: stopwords,","  stemmer: stemmer,","  frequency: frequency,","  idf: idf,","  serialize: serialize,","  divide: divide,","  crossValidation: crossValidation,","  classifiers: classifiers,","  filters: filters,","  calculate: calculate,","  components: components","};"],"l":{"12":1,"13":1,"14":1,"15":1,"16":1,"17":1,"18":1,"19":1,"20":1,"21":1,"22":1,"23":1,"24":1,"30":1}},"/home/travis/build/npmtest/node-npmtest-nlp-toolkit/node_modules/nlp-toolkit/lib/tokenizer.js":{"path":"/home/travis/build/npmtest/node-npmtest-nlp-toolkit/node_modules/nlp-toolkit/lib/tokenizer.js","s":{"1":1,"2":1,"3":1,"4":1,"5":1,"6":1,"7":1,"8":1,"9":0,"10":0,"11":0,"12":0,"13":0,"14":0,"15":0,"16":0,"17":0,"18":0,"19":0,"20":0,"21":0,"22":0,"23":0,"24":0,"25":0,"26":0,"27":0,"28":0,"29":0,"30":0,"31":0,"32":0,"33":0,"34":0,"35":0,"36":1,"37":0,"38":0,"39":0,"40":0,"41":0,"42":0,"43":0,"44":0,"45":0,"46":1},"b":{"1":[0,0],"2":[0,0],"3":[0,0],"4":[0,0],"5":[0,0],"6":[0,0],"7":[0,0],"8":[0,0],"9":[0,0],"10":[0,0],"11":[0,0],"12":[0,0],"13":[0,0],"14":[0,0],"15":[0,0]},"f":{"1":0,"2":0,"3":0,"4":0,"5":0},"fnMap":{"1":{"name":"tokenizer","line":29,"loc":{"start":{"line":29,"column":0},"end":{"line":29,"column":34}}},"2":{"name":"(anonymous_2)","line":53,"loc":{"start":{"line":53,"column":22},"end":{"line":53,"column":54}}},"3":{"name":"tokenize","line":78,"loc":{"start":{"line":78,"column":0},"end":{"line":78,"column":33}}},"4":{"name":"(anonymous_4)","line":80,"loc":{"start":{"line":80,"column":49},"end":{"line":80,"column":66}}},"5":{"name":"(anonymous_5)","line":89,"loc":{"start":{"line":89,"column":12},"end":{"line":89,"column":29}}}},"statementMap":{"1":{"start":{"line":12,"column":0},"end":{"line":12,"column":35}},"2":{"start":{"line":13,"column":0},"end":{"line":13,"column":42}},"3":{"start":{"line":19,"column":0},"end":{"line":19,"column":34}},"4":{"start":{"line":20,"column":0},"end":{"line":20,"column":30}},"5":{"start":{"line":21,"column":0},"end":{"line":21,"column":38}},"6":{"start":{"line":22,"column":0},"end":{"line":22,"column":31}},"7":{"start":{"line":23,"column":0},"end":{"line":23,"column":34}},"8":{"start":{"line":29,"column":0},"end":{"line":76,"column":1}},"9":{"start":{"line":31,"column":2},"end":{"line":34,"column":3}},"10":{"start":{"line":32,"column":4},"end":{"line":32,"column":19}},"11":{"start":{"line":33,"column":4},"end":{"line":33,"column":14}},"12":{"start":{"line":36,"column":2},"end":{"line":36,"column":26}},"13":{"start":{"line":37,"column":2},"end":{"line":37,"column":104}},"14":{"start":{"line":38,"column":2},"end":{"line":38,"column":100}},"15":{"start":{"line":39,"column":2},"end":{"line":39,"column":138}},"16":{"start":{"line":40,"column":2},"end":{"line":40,"column":117}},"17":{"start":{"line":41,"column":2},"end":{"line":41,"column":122}},"18":{"start":{"line":43,"column":2},"end":{"line":43,"column":42}},"19":{"start":{"line":44,"column":2},"end":{"line":44,"column":40}},"20":{"start":{"line":45,"column":2},"end":{"line":45,"column":54}},"21":{"start":{"line":46,"column":2},"end":{"line":46,"column":44}},"22":{"start":{"line":47,"column":2},"end":{"line":47,"column":46}},"23":{"start":{"line":49,"column":2},"end":{"line":51,"column":3}},"24":{"start":{"line":50,"column":4},"end":{"line":50,"column":35}},"25":{"start":{"line":53,"column":2},"end":{"line":74,"column":5}},"26":{"start":{"line":55,"column":4},"end":{"line":55,"column":69}},"27":{"start":{"line":57,"column":4},"end":{"line":59,"column":5}},"28":{"start":{"line":58,"column":6},"end":{"line":58,"column":83}},"29":{"start":{"line":61,"column":4},"end":{"line":61,"column":43}},"30":{"start":{"line":63,"column":4},"end":{"line":63,"column":17}},"31":{"start":{"line":65,"column":4},"end":{"line":70,"column":5}},"32":{"start":{"line":66,"column":6},"end":{"line":66,"column":26}},"33":{"start":{"line":67,"column":6},"end":{"line":67,"column":23}},"34":{"start":{"line":69,"column":6},"end":{"line":69,"column":24}},"35":{"start":{"line":72,"column":4},"end":{"line":72,"column":36}},"36":{"start":{"line":78,"column":0},"end":{"line":95,"column":1}},"37":{"start":{"line":80,"column":2},"end":{"line":91,"column":5}},"38":{"start":{"line":81,"column":4},"end":{"line":81,"column":50}},"39":{"start":{"line":82,"column":4},"end":{"line":84,"column":5}},"40":{"start":{"line":83,"column":6},"end":{"line":83,"column":41}},"41":{"start":{"line":85,"column":4},"end":{"line":87,"column":5}},"42":{"start":{"line":86,"column":6},"end":{"line":86,"column":34}},"43":{"start":{"line":88,"column":4},"end":{"line":88,"column":17}},"44":{"start":{"line":90,"column":4},"end":{"line":90,"column":43}},"45":{"start":{"line":93,"column":2},"end":{"line":93,"column":16}},"46":{"start":{"line":101,"column":0},"end":{"line":101,"column":27}}},"branchMap":{"1":{"line":31,"type":"if","locations":[{"start":{"line":31,"column":2},"end":{"line":31,"column":2}},{"start":{"line":31,"column":2},"end":{"line":31,"column":2}}]},"2":{"line":31,"type":"binary-expr","locations":[{"start":{"line":31,"column":6},"end":{"line":31,"column":14}},{"start":{"line":31,"column":18},"end":{"line":31,"column":42}}]},"3":{"line":36,"type":"binary-expr","locations":[{"start":{"line":36,"column":12},"end":{"line":36,"column":19}},{"start":{"line":36,"column":23},"end":{"line":36,"column":25}}]},"4":{"line":37,"type":"cond-expr","locations":[{"start":{"line":37,"column":64},"end":{"line":37,"column":82}},{"start":{"line":37,"column":85},"end":{"line":37,"column":103}}]},"5":{"line":38,"type":"cond-expr","locations":[{"start":{"line":38,"column":62},"end":{"line":38,"column":79}},{"start":{"line":38,"column":82},"end":{"line":38,"column":99}}]},"6":{"line":39,"type":"cond-expr","locations":[{"start":{"line":39,"column":76},"end":{"line":39,"column":109}},{"start":{"line":39,"column":112},"end":{"line":39,"column":137}}]},"7":{"line":40,"type":"cond-expr","locations":[{"start":{"line":40,"column":66},"end":{"line":40,"column":94}},{"start":{"line":40,"column":97},"end":{"line":40,"column":116}}]},"8":{"line":41,"type":"cond-expr","locations":[{"start":{"line":41,"column":68},"end":{"line":41,"column":97}},{"start":{"line":41,"column":100},"end":{"line":41,"column":121}}]},"9":{"line":49,"type":"if","locations":[{"start":{"line":49,"column":2},"end":{"line":49,"column":2}},{"start":{"line":49,"column":2},"end":{"line":49,"column":2}}]},"10":{"line":55,"type":"cond-expr","locations":[{"start":{"line":55,"column":50},"end":{"line":55,"column":60}},{"start":{"line":55,"column":63},"end":{"line":55,"column":68}}]},"11":{"line":57,"type":"if","locations":[{"start":{"line":57,"column":4},"end":{"line":57,"column":4}},{"start":{"line":57,"column":4},"end":{"line":57,"column":4}}]},"12":{"line":65,"type":"if","locations":[{"start":{"line":65,"column":4},"end":{"line":65,"column":4}},{"start":{"line":65,"column":4},"end":{"line":65,"column":4}}]},"13":{"line":82,"type":"if","locations":[{"start":{"line":82,"column":4},"end":{"line":82,"column":4}},{"start":{"line":82,"column":4},"end":{"line":82,"column":4}}]},"14":{"line":85,"type":"if","locations":[{"start":{"line":85,"column":4},"end":{"line":85,"column":4}},{"start":{"line":85,"column":4},"end":{"line":85,"column":4}}]},"15":{"line":90,"type":"binary-expr","locations":[{"start":{"line":90,"column":11},"end":{"line":90,"column":18}},{"start":{"line":90,"column":22},"end":{"line":90,"column":42}}]}},"code":["/**"," * Tokenize text."," */","","","'use strict';","","","/**"," * MODULES."," */","var through2 = require('through2');","var debug = require('debug')('tokenizer');","","","/**"," * VARIABLES."," */","var DEFAULT_CHARACTERS = /[^\\w]/g;","var DEFAULT_SEPARATOR = /\\s/g;","var DEFAULT_ELIMINATE_NUMBERS = false;","var DEFAULT_TOLOWERCASE = true;","var DEFAULT_EMPTY_STRINGS = false;","","","/**"," * FUNCTIONS."," */","function tokenizer(text, options) {","","  if (!options && typeof text === 'object') {","    options = text;","    text = '';","  }","","  options = options || {};","  options.characters = (options.characters instanceof RegExp) ? options.characters : DEFAULT_CHARACTERS;","  options.separator = (options.separator instanceof RegExp) ? options.separator : DEFAULT_SEPARATOR;","  options.eliminateNumbers = (options.hasOwnProperty('eliminateNumbers')) ? Boolean(options.eliminateNumbers) : DEFAULT_ELIMINATE_NUMBERS;","  options.toLowerCase = (options.hasOwnProperty('toLowerCase')) ? Boolean(options.toLowerCase) : DEFAULT_TOLOWERCASE;","  options.emptyStrings = (options.hasOwnProperty('emptyStrings')) ? Boolean(options.emptyStrings) : DEFAULT_EMPTY_STRINGS;","","  debug('characters', options.characters);","  debug('separator', options.separator);","  debug('eliminateNumbers', options.eliminateNumbers);","  debug('toLowerCase', options.toLowerCase);","  debug('emptyStrings', options.emptyStrings);","","  if (text) {","    return tokenize(text, options);","  }","","  return through2.obj(function (chunk, enc, callback) {","","    var _chunk = (chunk.hasOwnProperty('text')) ? chunk.text : chunk;","","    if (typeof _chunk !== 'string') {","      return callback(new Error('Chunk is not a string ' + JSON.stringify(chunk)));","    }","","    var tokens = tokenize(_chunk, options);","","    var response;","","    if (typeof chunk === 'object') {","      chunk.text = tokens;","      response = chunk;","    } else {","      response = tokens;","    }","","    return callback(null, response);","","  });","","}","","function tokenize(text, options) {","","  var tokens = text.split(options.separator).map(function (token) {","    token = token.replace(options.characters, '');","    if (options.eliminateNumbers) {","      token = token.replace(/^\\d+$/, '');","    }","    if (options.toLowerCase) {","      token = token.toLowerCase();","    }","    return token;","  }).filter(function (token) {","    return !!token || options.emptyStrings;","  });","","  return tokens;","","}","","","/**"," * EXPORTS."," */","module.exports = tokenizer;"],"l":{"12":1,"13":1,"19":1,"20":1,"21":1,"22":1,"23":1,"29":1,"31":0,"32":0,"33":0,"36":0,"37":0,"38":0,"39":0,"40":0,"41":0,"43":0,"44":0,"45":0,"46":0,"47":0,"49":0,"50":0,"53":0,"55":0,"57":0,"58":0,"61":0,"63":0,"65":0,"66":0,"67":0,"69":0,"72":0,"78":1,"80":0,"81":0,"82":0,"83":0,"85":0,"86":0,"88":0,"90":0,"93":0,"101":1}},"/home/travis/build/npmtest/node-npmtest-nlp-toolkit/node_modules/nlp-toolkit/lib/prepare.js":{"path":"/home/travis/build/npmtest/node-npmtest-nlp-toolkit/node_modules/nlp-toolkit/lib/prepare.js","s":{"1":1,"2":1,"3":0,"4":0,"5":0,"6":0,"7":0,"8":0,"9":0,"10":1},"b":{"1":[0,0],"2":[0,0]},"f":{"1":0,"2":0,"3":0},"fnMap":{"1":{"name":"prepare","line":18,"loc":{"start":{"line":18,"column":0},"end":{"line":18,"column":21}}},"2":{"name":"(anonymous_2)","line":19,"loc":{"start":{"line":19,"column":41},"end":{"line":19,"column":58}}},"3":{"name":"(anonymous_3)","line":20,"loc":{"start":{"line":20,"column":22},"end":{"line":20,"column":54}}}},"statementMap":{"1":{"start":{"line":12,"column":0},"end":{"line":12,"column":35}},"2":{"start":{"line":18,"column":0},"end":{"line":27,"column":1}},"3":{"start":{"line":19,"column":2},"end":{"line":19,"column":76}},"4":{"start":{"line":19,"column":60},"end":{"line":19,"column":73}},"5":{"start":{"line":20,"column":2},"end":{"line":26,"column":5}},"6":{"start":{"line":21,"column":4},"end":{"line":21,"column":26}},"7":{"start":{"line":22,"column":4},"end":{"line":24,"column":5}},"8":{"start":{"line":23,"column":6},"end":{"line":23,"column":23}},"9":{"start":{"line":25,"column":4},"end":{"line":25,"column":22}},"10":{"start":{"line":33,"column":0},"end":{"line":33,"column":25}}},"branchMap":{"1":{"line":19,"type":"cond-expr","locations":[{"start":{"line":19,"column":36},"end":{"line":19,"column":38}},{"start":{"line":19,"column":41},"end":{"line":19,"column":75}}]},"2":{"line":22,"type":"if","locations":[{"start":{"line":22,"column":4},"end":{"line":22,"column":4}},{"start":{"line":22,"column":4},"end":{"line":22,"column":4}}]}},"code":["/**"," * Prepare data."," */","","","'use strict';","","","/**"," * MODULES."," */","var through2 = require('through2');","","","/**"," * FUNCTIONS."," */","function prepare(fn) {","  fn = (typeof fn === 'function') ? fn : function (chunk) { return chunk; };","  return through2.obj(function (chunk, enc, callback) {","    var check = fn(chunk);","    if (check) {","      this.push(check);","    }","    return callback();","  });","}","","","/**"," * EXPORTS."," */","module.exports = prepare;"],"l":{"12":1,"18":1,"19":0,"20":0,"21":0,"22":0,"23":0,"25":0,"33":1}},"/home/travis/build/npmtest/node-npmtest-nlp-toolkit/node_modules/nlp-toolkit/lib/stopwords.js":{"path":"/home/travis/build/npmtest/node-npmtest-nlp-toolkit/node_modules/nlp-toolkit/lib/stopwords.js","s":{"1":1,"2":1,"3":1,"4":1,"5":1,"6":1,"7":1,"8":1,"9":1,"10":0,"11":0,"12":0,"13":0,"14":0,"15":0,"16":0,"17":0,"18":0,"19":0,"20":0,"21":0,"22":0,"23":0,"24":0,"25":0,"26":0,"27":0,"28":0,"29":0,"30":0,"31":0,"32":0,"33":1,"34":0,"35":0,"36":0,"37":0,"38":0,"39":0,"40":0,"41":0,"42":0,"43":0,"44":0,"45":0,"46":0,"47":0,"48":0,"49":0,"50":0,"51":1,"52":0,"53":0,"54":0,"55":0,"56":0,"57":0,"58":0,"59":0,"60":0,"61":0,"62":0,"63":0,"64":0,"65":0,"66":0,"67":1,"68":0,"69":1},"b":{"1":[0,0],"2":[0,0],"3":[0,0],"4":[0,0],"5":[0,0],"6":[0,0],"7":[0,0],"8":[0,0],"9":[0,0],"10":[0,0],"11":[0,0],"12":[0,0],"13":[0,0],"14":[0,0],"15":[0,0],"16":[0,0],"17":[0,0],"18":[0,0],"19":[0,0],"20":[0,0],"21":[0,0]},"f":{"1":0,"2":0,"3":0,"4":0,"5":0,"6":0,"7":0,"8":0,"9":0,"10":0,"11":0,"12":0,"13":0,"14":0,"15":0,"16":0},"fnMap":{"1":{"name":"stopwords","line":30,"loc":{"start":{"line":30,"column":0},"end":{"line":30,"column":34}}},"2":{"name":"(anonymous_2)","line":51,"loc":{"start":{"line":51,"column":16},"end":{"line":51,"column":28}}},"3":{"name":"(anonymous_3)","line":59,"loc":{"start":{"line":59,"column":16},"end":{"line":59,"column":28}}},"4":{"name":"removeStopwords","line":74,"loc":{"start":{"line":74,"column":2},"end":{"line":74,"column":39}}},"5":{"name":"(anonymous_5)","line":79,"loc":{"start":{"line":79,"column":10},"end":{"line":79,"column":36}}},"6":{"name":"(anonymous_6)","line":80,"loc":{"start":{"line":80,"column":31},"end":{"line":80,"column":48}}},"7":{"name":"(anonymous_7)","line":87,"loc":{"start":{"line":87,"column":22},"end":{"line":87,"column":54}}},"8":{"name":"(anonymous_8)","line":95,"loc":{"start":{"line":95,"column":10},"end":{"line":95,"column":28}}},"9":{"name":"getStopwordsWrapper","line":111,"loc":{"start":{"line":111,"column":0},"end":{"line":111,"column":62}}},"10":{"name":"getStopwords","line":115,"loc":{"start":{"line":115,"column":9},"end":{"line":115,"column":33}}},"11":{"name":"(anonymous_11)","line":116,"loc":{"start":{"line":116,"column":23},"end":{"line":116,"column":50}}},"12":{"name":"(anonymous_12)","line":123,"loc":{"start":{"line":123,"column":18},"end":{"line":123,"column":34}}},"13":{"name":"(anonymous_13)","line":126,"loc":{"start":{"line":126,"column":17},"end":{"line":126,"column":29}}},"14":{"name":"(anonymous_14)","line":128,"loc":{"start":{"line":128,"column":23},"end":{"line":128,"column":40}}},"15":{"name":"(anonymous_15)","line":133,"loc":{"start":{"line":133,"column":19},"end":{"line":133,"column":34}}},"16":{"name":"getFilename","line":140,"loc":{"start":{"line":140,"column":0},"end":{"line":140,"column":27}}}},"statementMap":{"1":{"start":{"line":12,"column":0},"end":{"line":12,"column":35}},"2":{"start":{"line":13,"column":0},"end":{"line":13,"column":23}},"3":{"start":{"line":14,"column":0},"end":{"line":14,"column":33}},"4":{"start":{"line":15,"column":0},"end":{"line":15,"column":27}},"5":{"start":{"line":16,"column":0},"end":{"line":16,"column":34}},"6":{"start":{"line":17,"column":0},"end":{"line":17,"column":42}},"7":{"start":{"line":23,"column":0},"end":{"line":23,"column":24}},"8":{"start":{"line":24,"column":0},"end":{"line":24,"column":24}},"9":{"start":{"line":30,"column":0},"end":{"line":109,"column":1}},"10":{"start":{"line":32,"column":2},"end":{"line":35,"column":3}},"11":{"start":{"line":33,"column":4},"end":{"line":33,"column":19}},"12":{"start":{"line":34,"column":4},"end":{"line":34,"column":14}},"13":{"start":{"line":37,"column":2},"end":{"line":37,"column":26}},"14":{"start":{"line":38,"column":2},"end":{"line":38,"column":60}},"15":{"start":{"line":39,"column":2},"end":{"line":39,"column":88}},"16":{"start":{"line":40,"column":2},"end":{"line":40,"column":58}},"17":{"start":{"line":42,"column":2},"end":{"line":49,"column":3}},"18":{"start":{"line":43,"column":4},"end":{"line":45,"column":6}},"19":{"start":{"line":47,"column":4},"end":{"line":47,"column":110}},"20":{"start":{"line":48,"column":4},"end":{"line":48,"column":122}},"21":{"start":{"line":51,"column":2},"end":{"line":53,"column":4}},"22":{"start":{"line":52,"column":4},"end":{"line":52,"column":21}},"23":{"start":{"line":55,"column":2},"end":{"line":63,"column":3}},"24":{"start":{"line":56,"column":4},"end":{"line":62,"column":5}},"25":{"start":{"line":57,"column":6},"end":{"line":57,"column":29}},"26":{"start":{"line":59,"column":6},"end":{"line":61,"column":8}},"27":{"start":{"line":60,"column":8},"end":{"line":60,"column":28}},"28":{"start":{"line":65,"column":2},"end":{"line":65,"column":108}},"29":{"start":{"line":67,"column":2},"end":{"line":69,"column":3}},"30":{"start":{"line":68,"column":4},"end":{"line":68,"column":70}},"31":{"start":{"line":71,"column":2},"end":{"line":71,"column":44}},"32":{"start":{"line":72,"column":2},"end":{"line":72,"column":52}},"33":{"start":{"line":74,"column":2},"end":{"line":85,"column":3}},"34":{"start":{"line":75,"column":4},"end":{"line":77,"column":5}},"35":{"start":{"line":76,"column":6},"end":{"line":76,"column":99}},"36":{"start":{"line":78,"column":4},"end":{"line":84,"column":7}},"37":{"start":{"line":80,"column":6},"end":{"line":82,"column":9}},"38":{"start":{"line":81,"column":8},"end":{"line":81,"column":53}},"39":{"start":{"line":83,"column":6},"end":{"line":83,"column":20}},"40":{"start":{"line":87,"column":2},"end":{"line":107,"column":5}},"41":{"start":{"line":89,"column":4},"end":{"line":89,"column":128}},"42":{"start":{"line":90,"column":4},"end":{"line":92,"column":5}},"43":{"start":{"line":91,"column":6},"end":{"line":91,"column":83}},"44":{"start":{"line":94,"column":4},"end":{"line":105,"column":21}},"45":{"start":{"line":96,"column":6},"end":{"line":96,"column":19}},"46":{"start":{"line":97,"column":6},"end":{"line":102,"column":7}},"47":{"start":{"line":98,"column":8},"end":{"line":98,"column":28}},"48":{"start":{"line":99,"column":8},"end":{"line":99,"column":25}},"49":{"start":{"line":101,"column":8},"end":{"line":101,"column":26}},"50":{"start":{"line":103,"column":6},"end":{"line":103,"column":38}},"51":{"start":{"line":111,"column":0},"end":{"line":138,"column":1}},"52":{"start":{"line":112,"column":2},"end":{"line":112,"column":27}},"53":{"start":{"line":113,"column":2},"end":{"line":113,"column":46}},"54":{"start":{"line":114,"column":2},"end":{"line":114,"column":75}},"55":{"start":{"line":115,"column":2},"end":{"line":137,"column":4}},"56":{"start":{"line":116,"column":4},"end":{"line":136,"column":7}},"57":{"start":{"line":117,"column":6},"end":{"line":119,"column":7}},"58":{"start":{"line":118,"column":8},"end":{"line":118,"column":45}},"59":{"start":{"line":120,"column":6},"end":{"line":120,"column":31}},"60":{"start":{"line":121,"column":6},"end":{"line":135,"column":9}},"61":{"start":{"line":124,"column":8},"end":{"line":124,"column":34}},"62":{"start":{"line":127,"column":8},"end":{"line":127,"column":47}},"63":{"start":{"line":128,"column":8},"end":{"line":130,"column":10}},"64":{"start":{"line":129,"column":10},"end":{"line":129,"column":42}},"65":{"start":{"line":131,"column":8},"end":{"line":131,"column":45}},"66":{"start":{"line":134,"column":8},"end":{"line":134,"column":27}},"67":{"start":{"line":140,"column":0},"end":{"line":142,"column":1}},"68":{"start":{"line":141,"column":2},"end":{"line":141,"column":65}},"69":{"start":{"line":147,"column":0},"end":{"line":147,"column":27}}},"branchMap":{"1":{"line":32,"type":"if","locations":[{"start":{"line":32,"column":2},"end":{"line":32,"column":2}},{"start":{"line":32,"column":2},"end":{"line":32,"column":2}}]},"2":{"line":32,"type":"binary-expr","locations":[{"start":{"line":32,"column":6},"end":{"line":32,"column":14}},{"start":{"line":32,"column":18},"end":{"line":32,"column":75}}]},"3":{"line":37,"type":"binary-expr","locations":[{"start":{"line":37,"column":12},"end":{"line":37,"column":19}},{"start":{"line":37,"column":23},"end":{"line":37,"column":25}}]},"4":{"line":38,"type":"binary-expr","locations":[{"start":{"line":38,"column":24},"end":{"line":38,"column":43}},{"start":{"line":38,"column":47},"end":{"line":38,"column":59}}]},"5":{"line":39,"type":"binary-expr","locations":[{"start":{"line":39,"column":28},"end":{"line":39,"column":51}},{"start":{"line":39,"column":55},"end":{"line":39,"column":87}}]},"6":{"line":40,"type":"binary-expr","locations":[{"start":{"line":40,"column":28},"end":{"line":40,"column":51}},{"start":{"line":40,"column":55},"end":{"line":40,"column":57}}]},"7":{"line":42,"type":"if","locations":[{"start":{"line":42,"column":2},"end":{"line":42,"column":2}},{"start":{"line":42,"column":2},"end":{"line":42,"column":2}}]},"8":{"line":47,"type":"cond-expr","locations":[{"start":{"line":47,"column":66},"end":{"line":47,"column":104}},{"start":{"line":47,"column":107},"end":{"line":47,"column":109}}]},"9":{"line":48,"type":"cond-expr","locations":[{"start":{"line":48,"column":74},"end":{"line":48,"column":116}},{"start":{"line":48,"column":119},"end":{"line":48,"column":121}}]},"10":{"line":55,"type":"if","locations":[{"start":{"line":55,"column":2},"end":{"line":55,"column":2}},{"start":{"line":55,"column":2},"end":{"line":55,"column":2}}]},"11":{"line":56,"type":"if","locations":[{"start":{"line":56,"column":4},"end":{"line":56,"column":4}},{"start":{"line":56,"column":4},"end":{"line":56,"column":4}}]},"12":{"line":67,"type":"if","locations":[{"start":{"line":67,"column":2},"end":{"line":67,"column":2}},{"start":{"line":67,"column":2},"end":{"line":67,"column":2}}]},"13":{"line":68,"type":"binary-expr","locations":[{"start":{"line":68,"column":33},"end":{"line":68,"column":45}},{"start":{"line":68,"column":49},"end":{"line":68,"column":68}}]},"14":{"line":75,"type":"if","locations":[{"start":{"line":75,"column":4},"end":{"line":75,"column":4}},{"start":{"line":75,"column":4},"end":{"line":75,"column":4}}]},"15":{"line":89,"type":"cond-expr","locations":[{"start":{"line":89,"column":109},"end":{"line":89,"column":119}},{"start":{"line":89,"column":122},"end":{"line":89,"column":127}}]},"16":{"line":89,"type":"binary-expr","locations":[{"start":{"line":89,"column":18},"end":{"line":89,"column":43}},{"start":{"line":89,"column":47},"end":{"line":89,"column":105}}]},"17":{"line":90,"type":"if","locations":[{"start":{"line":90,"column":4},"end":{"line":90,"column":4}},{"start":{"line":90,"column":4},"end":{"line":90,"column":4}}]},"18":{"line":90,"type":"binary-expr","locations":[{"start":{"line":90,"column":8},"end":{"line":90,"column":15}},{"start":{"line":90,"column":19},"end":{"line":90,"column":78}}]},"19":{"line":97,"type":"if","locations":[{"start":{"line":97,"column":6},"end":{"line":97,"column":6}},{"start":{"line":97,"column":6},"end":{"line":97,"column":6}}]},"20":{"line":114,"type":"binary-expr","locations":[{"start":{"line":114,"column":25},"end":{"line":114,"column":46}},{"start":{"line":114,"column":50},"end":{"line":114,"column":73}}]},"21":{"line":117,"type":"if","locations":[{"start":{"line":117,"column":6},"end":{"line":117,"column":6}},{"start":{"line":117,"column":6},"end":{"line":117,"column":6}}]}},"code":["/**"," * Eliminate stopwords."," */","","","'use strict';","","","/**"," * MODULES."," */","var through2 = require('through2');","var fs = require('fs');","var es = require('event-stream');","var path = require('path');","var Promise = require('bluebird');","var debug = require('debug')('stopwords');","","","/**"," * VARIABLES."," */","var DEFAULT_LANG = 'en';","var stopwordsCache = {};","","","/**"," * FUNCTIONS."," */","function stopwords(text, options) {","","  if (!options && Object.prototype.toString.call(text) !== '[object Array]') {","    options = text;","    text = '';","  }","","  options = options || {};","  options.defaultLang = options.defaultLang || DEFAULT_LANG;","  options.defaultFilename = options.defaultFilename || getFilename(options.defaultLang);","  options.additionalWords = options.additionalWords || {};","","  if (Object.prototype.toString.call(options.additionalWords) === '[object Array]') {","    options.additionalWords = {","      all: options.additionalWords","    };","  } else {","    options.additionalWords.all = (options.additionalWords.all) ? [].concat(options.additionalWords.all) : [];","    options.additionalWords.default = (options.additionalWords.default) ? [].concat(options.additionalWords.default) : [];","  }","","  var getLang = function () {","    return 'default';","  };","","  if (options.lang) {","    if (typeof options.lang === 'function') {","      getLang = options.lang;","    } else {","      getLang = function () {","        return options.lang;","      };","    }","  }","","  stopwordsCache.default = getStopwordsWrapper(options.defaultFilename, options.additionalWords, 'default');","","  if (text) {","    return removeStopwords(text, options.lang || options.defaultLang);","  }","","  debug('defaultLang', options.defaultLang);","  debug('defaultFilename', options.defaultFilename);","","  function removeStopwords(text, lang) {","    if (!stopwordsCache.hasOwnProperty(lang)) {","      stopwordsCache[lang] = getStopwordsWrapper(getFilename(lang), options.additionalWords, lang);","    }","    return stopwordsCache[lang]()","    .then(function (stopwordsCache) {","      var tokens = text.filter(function (token) {","        return !stopwordsCache.hasOwnProperty(token);","      });","      return tokens;","    });","  }","","  return through2.obj(function (chunk, enc, callback) {","","    var _chunk = (typeof chunk === 'object' && Object.prototype.toString.call(chunk) !== '[object Array]') ? chunk.text : chunk;","    if (!_chunk || Object.prototype.toString.call(_chunk) !== '[object Array]') {","      return callback(new Error('Chunk is not an array ' + JSON.stringify(chunk)));","    }","","    removeStopwords(_chunk, getLang(chunk))","    .then(function (tokens) {","      var response;","      if (Object.prototype.toString.call(chunk) !== '[object Array]') {","        chunk.text = tokens;","        response = chunk;","      } else {","        response = tokens;","      }","      return callback(null, response);","    })","    .catch(callback);","","  });","","}","","function getStopwordsWrapper(filename, additionalWords, lang) {","  var singleStopwordsCache;","  var _words = [].concat(additionalWords.all);","  _words = _words.concat(additionalWords[lang] || additionalWords.default);","  return function getStopwords() {","    return new Promise(function (resolve, reject) {","      if (singleStopwordsCache) {","        return resolve(singleStopwordsCache);","      }","      var _stopwordsCache = {};","      fs.createReadStream(filename, 'utf8')","      .pipe(es.split())","      .on('data', function (word) {","        _stopwordsCache[word] = 1;","      })","      .on('end', function () {","        singleStopwo
[...]
":{"line":39,"column":29}}}},"statementMap":{"1":{"start":{"line":9,"column":0},"end":{"line":26,"column":1}},"2":{"start":{"line":10,"column":2},"end":{"line":25,"column":5}},"3":{"start":{"line":11,"column":4},"end":{"line":21,"column":7}},"4":{"start":{"line":12,"column":6},"end":{"line":16,"column":9}},"5":{"start":{"line":23,"column":4},"end":{"line":23,"column":77}},"6":{"start":{"line":24,"column":4},"end":{"line":24,"column":18}},"7":{"start":{"line":28,"column":0},"end":{"line":37,"column":1}},"8":{"start":{"line":29,"column":2},"end":{"line":29,"column":15}},"9":{"start":{"line":30,"column":2},"end":{"line":30,"column":42}},"10":{"start":{"line":31,"column":2},"end":{"line":35,"column":3}},"11":{"start":{"line":32,"column":4},"end":{"line":32,"column":20}},"12":{"start":{"line":34,"column":4},"end":{"line":34,"column":20}},"13":{"start":{"line":36,"column":2},"end":{"line":36,"column":11}},"14":{"start":{"line":39,"column":0},"end":{"line":44,"column":1}},"15":{"start":{"line":40,"column":2},"end":{"line":40,"column":21}},"16":{"start":{"line":41,"column":2},"end":{"line":41,"column":27}},"17":{"start":{"line":42,"column":2},"end":{"line":42,"column":27}},"18":{"start":{"line":43,"column":2},"end":{"line":43,"column":11}},"19":{"start":{"line":50,"column":0},"end":{"line":50,"column":26}}},"branchMap":{"1":{"line":30,"type":"binary-expr","locations":[{"start":{"line":30,"column":14},"end":{"line":30,"column":30}},{"start":{"line":30,"column":34},"end":{"line":30,"column":41}}]},"2":{"line":31,"type":"if","locations":[{"start":{"line":31,"column":2},"end":{"line":31,"column":2}},{"start":{"line":31,"column":2},"end":{"line":31,"column":2}}]}},"code":["/**"," * Module to calculate accuracy of classifiers."," */","","","/**"," * FUNCTIONS."," */","function accuracy(data) {","  return data.map(function (classifier) {","    return classifier.map(function (_set) {","      return _set.reduce(calculateSentences, {","        total: 0,","        positive: 0,","        negative: 0","      });","    }).reduce(calculateSets, {","      total: 0,","      positive: 0,","      negative: 0","    });","  }).map(function (result) {","    result.accuracy = Math.round(result.positive * 100 / result.total) / 100;","    return result;","  });","}","","function calculateSentences(p, c) {","  p.total += 1;","  var guess = c.guess.category || c.guess;","  if (guess === c.feature) {","    p.positive += 1;","  } else {","    p.negative += 1;","  }","  return p;","}","","function calculateSets(p, c) {","  p.total += c.total;","  p.positive += c.positive;","  p.negative += c.negative;","  return p;","}","","","/**"," * EXPORTS."," */","module.exports = accuracy;"],"l":{"9":1,"10":0,"11":0,"12":0,"23":0,"24":0,"28":1,"29":0,"30":0,"31":0,"32":0,"34":0,"36":0,"39":1,"40":0,"41":0,"42":0,"43":0,"50":1}},"/home/travis/build/npmtest/node-npmtest-nlp-toolkit/node_modules/nlp-toolkit/lib/calculate/derivation.js":{"path":"/home/travis/build/npmtest/node-npmtest-nlp-toolkit/node_modules/nlp-toolkit/lib/calculate/derivation.js","s":{"1":1,"2":1,"3":0,"4":0,"5":0,"6":0,"7":0,"8":0,"9":0,"10":0,"11":0,"12":0,"13":0,"14":0,"15":0,"16":0,"17":0,"18":0,"19":0,"20":0,"21":0,"22":0,"23":0,"24":0,"25":0,"26":0,"27":1},"b":{"1":[0,0],"2":[0,0],"3":[0,0],"4":[0,0],"5":[0,0],"6":[0,0]},"f":{"1":0,"2":0,"3":0,"4":0,"5":0,"6":0},"fnMap":{"1":{"name":"derivation","line":18,"loc":{"start":{"line":18,"column":0},"end":{"line":18,"column":35}}},"2":{"name":"(anonymous_2)","line":20,"loc":{"start":{"line":20,"column":18},"end":{"line":20,"column":40}}},"3":{"name":"(anonymous_3)","line":29,"loc":{"start":{"line":29,"column":23},"end":{"line":29,"column":39}}},"4":{"name":"(anonymous_4)","line":30,"loc":{"start":{"line":30,"column":19},"end":{"line":30,"column":36}}},"5":{"name":"(anonymous_5)","line":32,"loc":{"start":{"line":32,"column":38},"end":{"line":32,"column":54}}},"6":{"name":"(anonymous_6)","line":35,"loc":{"start":{"line":35,"column":59},"end":{"line":35,"column":74}}}},"statementMap":{"1":{"start":{"line":12,"column":0},"end":{"line":12,"column":29}},"2":{"start":{"line":18,"column":0},"end":{"line":61,"column":1}},"3":{"start":{"line":19,"column":2},"end":{"line":19,"column":39}},"4":{"start":{"line":20,"column":2},"end":{"line":60,"column":5}},"5":{"start":{"line":21,"column":4},"end":{"line":28,"column":6}},"6":{"start":{"line":29,"column":4},"end":{"line":54,"column":7}},"7":{"start":{"line":30,"column":6},"end":{"line":53,"column":9}},"8":{"start":{"line":31,"column":8},"end":{"line":31,"column":56}},"9":{"start":{"line":32,"column":8},"end":{"line":34,"column":11}},"10":{"start":{"line":33,"column":10},"end":{"line":33,"column":44}},"11":{"start":{"line":35,"column":8},"end":{"line":37,"column":12}},"12":{"start":{"line":36,"column":10},"end":{"line":36,"column":26}},"13":{"start":{"line":38,"column":8},"end":{"line":52,"column":9}},"14":{"start":{"line":39,"column":10},"end":{"line":39,"column":25}},"15":{"start":{"line":40,"column":10},"end":{"line":44,"column":11}},"16":{"start":{"line":41,"column":12},"end":{"line":41,"column":32}},"17":{"start":{"line":43,"column":12},"end":{"line":43,"column":32}},"18":{"start":{"line":46,"column":10},"end":{"line":46,"column":24}},"19":{"start":{"line":47,"column":10},"end":{"line":51,"column":11}},"20":{"start":{"line":48,"column":12},"end":{"line":48,"column":35}},"21":{"start":{"line":50,"column":12},"end":{"line":50,"column":35}},"22":{"start":{"line":55,"column":4},"end":{"line":55,"column":57}},"23":{"start":{"line":56,"column":4},"end":{"line":56,"column":57}},"24":{"start":{"line":57,"column":4},"end":{"line":57,"column":62}},"25":{"start":{"line":58,"column":4},"end":{"line":58,"column":62}},"26":{"start":{"line":59,"column":4},"end":{"line":59,"column":19}},"27":{"start":{"line":67,"column":0},"end":{"line":67,"column":28}}},"branchMap":{"1":{"line":19,"type":"binary-expr","locations":[{"start":{"line":19,"column":15},"end":{"line":19,"column":33}},{"start":{"line":19,"column":37},"end":{"line":19,"column":38}}]},"2":{"line":31,"type":"binary-expr","locations":[{"start":{"line":31,"column":20},"end":{"line":31,"column":40}},{"start":{"line":31,"column":44},"end":{"line":31,"column":55}}]},"3":{"line":33,"type":"cond-expr","locations":[{"start":{"line":33,"column":37},"end":{"line":33,"column":39}},{"start":{"line":33,"column":42},"end":{"line":33,"column":43}}]},"4":{"line":38,"type":"if","locations":[{"start":{"line":38,"column":8},"end":{"line":38,"column":8}},{"start":{"line":38,"column":8},"end":{"line":38,"column":8}}]},"5":{"line":40,"type":"if","locations":[{"start":{"line":40,"column":10},"end":{"line":40,"column":10}},{"start":{"line":40,"column":10},"end":{"line":40,"column":10}}]},"6":{"line":47,"type":"if","locations":[{"start":{"line":47,"column":10},"end":{"line":47,"column":10}},{"start":{"line":47,"column":10},"end":{"line":47,"column":10}}]}},"code":["/**"," * Calculate standard derivation."," */","","","'use strict';","","","/**"," * MODULES."," */","var math = require('mathjs');","","","/**"," * FUNCTIONS."," */","function derivation(data, options) {","  var derivs = options.derivation || 1;","  return data.map(function (classifier) {","    var results = {","      lost: 0,","      positives: 0,","      negatives: 0,","      won: 0,","      positivesWon: 0,","      negativesWon: 0","    };","    classifier.forEach(function (_set) {","      _set.forEach(function (entry) {","        var guess = entry.guess.category || entry.guess;","        entry.guess.distribution.sort(function (a, b) {","          return (a.prob > b.prob) ? -1 : 1;","        });","        var _deriv = math.std(entry.guess.distribution.map(function (cat) {","          return cat.prob;","        }));","        if (entry.guess.distribution[0].prob - (_deriv * derivs) <= entry.guess.distribution[1].prob) {","          results.lost++;","          if (guess === entry.feature) {","            results.positives++;","          } else {","            results.negatives++;","          }","        } else {","          results.won++;","          if (guess === entry.feature) {","            results.positivesWon++;","          } else {","            results.negativesWon++;","          }","        }","      });","    });","    results.positives = results.positives / results.lost;","    results.negatives = results.negatives / results.lost;","    results.positivesWon = results.positivesWon / results.won;","    results.negativesWon = results.negativesWon / results.won;","    return results;","  });","}","","","/**"," * EXPORTS."," */","module.exports = derivation;"],"l":{"12":1,"18":1,"19":0,"20":0,"21":0,"29":0,"30":0,"31":0,"32":0,"33":0,"35":0,"36":0,"38":0,"39":0,"40":0,"41":0,"43":0,"46":0,"47":0,"48":0,"50":0,"55":0,"56":0,"57":0,"58":0,"59":0,"67":1}},"/home/travis/build/npmtest/node-npmtest-nlp-toolkit/node_modules/nlp-toolkit/lib/calculate/texts.js":{"path":"/home/travis/build/npmtest/node-npmtest-nlp-toolkit/node_modules/nlp-toolkit/lib/calculate/texts.js","s":{"1":1,"2":0,"3":0,"4":0,"5":0,"6":0,"7":0,"8":0,"9":0,"10":0,"11":0,"12":0,"13":0,"14":0,"15":0,"16":0,"17":0,"18":1},"b":{"1":[0,0],"2":[0,0],"3":[0,0],"4":[0,0],"5":[0,0],"6":[0,0]},"f":{"1":0,"2":0,"3":0,"4":0,"5":0},"fnMap":{"1":{"name":"texts","line":17,"loc":{"start":{"line":17,"column":0},"end":{"line":17,"column":30}}},"2":{"name":"(anonymous_2)","line":20,"loc":{"start":{"line":20,"column":18},"end":{"line":20,"column":40}}},"3":{"name":"(anonymous_3)","line":22,"loc":{"start":{"line":22,"column":23},"end":{"line":22,"column":39}}},"4":{"name":"(anonymous_4)","line":23,"loc":{"start":{"line":23,"column":19},"end":{"line":23,"column":36}}},"5":{"name":"(anonymous_5)","line":27,"loc":{"start":{"line":27,"column":53},"end":{"line":27,"column":69}}}},"statementMap":{"1":{"start":{"line":17,"column":0},"end":{"line":54,"column":1}},"2":{"start":{"line":18,"column":2},"end":{"line":18,"column":26}},"3":{"start":{"line":19,"column":2},"end":{"line":19,"column":35}},"4":{"start":{"line":20,"column":2},"end":{"line":53,"column":5}},"5":{"start":{"line":21,"column":4},"end":{"line":21,"column":21}},"6":{"start":{"line":22,"column":4},"end":{"line":41,"column":7}},"7":{"start":{"line":23,"column":6},"end":{"line":40,"column":9}},"8":{"start":{"line":24,"column":8},"end":{"line":24,"column":56}},"9":{"start":{"line":25,"column":8},"end":{"line":25,"column":36}},"10":{"start":{"line":26,"column":8},"end":{"line":39,"column":9}},"11":{"start":{"line":27,"column":10},"end":{"line":29,"column":15}},"12":{"start":{"line":28,"column":12},"end":{"line":28,"column":37}},"13":{"start":{"line":30,"column":10},"end":{"line":38,"column":11}},"14":{"start":{"line":31,"column":12},"end":{"line":33,"column":13}},"15":{"start":{"line":32,"column":14},"end":{"line":32,"column":34}},"16":{"start":{"line":34,"column":12},"end":{"line":37,"column":15}},"17":{"start":{"line":52,"column":4},"end":{"line":52,"column":19}},"18":{"start":{"line":60,"column":0},"end":{"line":60,"column":23}}},"branchMap":{"1":{"line":18,"type":"binary-expr","locations":[{"start":{"line":18,"column":12},"end":{"line":18,"column":19}},{"start":{"line":18,"column":23},"end":{"line":18,"column":25}}]},"2":{"line":19,"type":"binary-expr","locations":[{"start":{"line":19,"column":15},"end":{"line":19,"column":29}},{"start":{"line":19,"column":33},"end":{"line":19,"column":34}}]},"3":{"line":24,"type":"binary-expr","locations":[{"start":{"line":24,"column":20},"end":{"line":24,"column":40}},{"start":{"line":24,"column":44},"end":{"line":24,"column":55}}]},"4":{"line":26,"type":"if","locations":[{"start":{"line":26,"column":8},"end":{"line":26,"column":8}},{"start":{"line":26,"column":8},"end":{"line":26,"column":8}}]},"5":{"line":30,"type":"if","locations":[{"start":{"line":30,"column":10},"end":{"line":30,"column":10}},{"start":{"line":30,"column":10},"end":{"line":30,"column":10}}]},"6":{"line":31,"type":"if","locations":[{"start":{"line":31,"column":12},"end":{"line":31,"column":12}},{"start":{"line":31,"column":12},"end":{"line":31,"column":12}}]}},"code":["/**"," * Calculate texts."," */","","","'use strict';","","","/**"," * MODULES."," */","","","/**"," * FUNCTIONS."," */","function texts(data, options) {","  options = options || {};","  var amount = options.amount || 5;","  return data.map(function (classifier) {","    var results = {};","    classifier.forEach(function (_set) {","      _set.forEach(function (entry) {","        var guess = entry.guess.category || entry.guess;","        var feature = entry.feature;","        if (guess == feature) {","          var dist = entry.guess.distribution.filter(function (prob) {","            return prob.cat === guess","          })[0]","          if (dist) {","            if (!results.hasOwnProperty(guess)) {","              results[guess] = [];","            }","            results[guess].push({","              prob: dist.prob,","              original: entry.guess.original","            });","          }","        }","      });","    });","    // for (var key in results) {","    //   results[key].sort(function (a, b) {","    //     return (a.prob > b.prob) ? -1 : 1;","    //   });","    //   var obj = {","    //     top: results[key].slice(0, amount),","    //     bottom: results[key].slice(0 - amount)","    //   };","    //   results[key] = obj;","    // }","    return results;","  });","}","","","/**"," * EXPORTS."," */","module.exports = texts;"],"l":{"17":1,"18":0,"19":0,"20":0,"21":0,"22":0,"23":0,"24":0,"25":0,"26":0,"27":0,"28":0,"30":0,"31":0,"32":0,"34":0,"52":0,"60":1}},"/home/travis/build/npmtest/node-npmtest-nlp-toolkit/node_modules/nlp-toolkit/lib/calculate/features.js":{"path":"/home/travis/build/npmtest/node-npmtest-nlp-toolkit/node_modules/nlp-toolkit/lib/calculate/features.js","s":{"1":1,"2":0,"3":0,"4":0,"5":0,"6":0,"7":0,"8":0,"9":0,"10":0,"11":1,"12":0,"13":0,"14":0,"15":0,"16":0,"17":0,"18":0,"19":0,"20":0,"21":0,"22":1,"23":0,"24":0,"25":0,"26":0,"27":0,"28":0,"29":0,"30":1},"b":{"1":[0,0],"2":[0,0],"3":[0,0],"4":[0,0],"5":[0,0],"6":[0,0]},"f":{"1":0,"2":0,"3":0,"4":0,"5":0,"6":0,"7":0},"fnMap":{"1":{"name":"features","line":9,"loc":{"start":{"line":9,"column":0},"end":{"line":9,"column":24}}},"2":{"name":"(anonymous_2)","line":10,"loc":{"start":{"line":10,"column":18},"end":{"line":10,"column":40}}},"3":{"name":"(anonymous_3)","line":11,"loc":{"start":{"line":11,"column":26},"end":{"line":11,"column":42}}},"4":{"name":"(anonymous_4)","line":14,"loc":{"start":{"line":14,"column":9},"end":{"line":14,"column":27}}},"5":{"name":"(anonymous_5)","line":20,"loc":{"start":{"line":20,"column":35},"end":{"line":20,"column":52}}},"6":{"name":"calculateFeatures","line":33,"loc":{"start":{"line":33,"column":0},"end":{"line":33,"column":33}}},"7":{"name":"calculateSets","line":58,"loc":{"start":{"line":58,"column":0},"end":{"line":58,"column":29}}}},"statementMap":{"1":{"start":{"line":9,"column":0},"end":{"line":31,"column":1}},"2":{"start":{"line":10,"column":2},"end":{"line":30,"column":5}},"3":{"start":{"line":11,"column":4},"end":{"line":13,"column":33}},"4":{"start":{"line":12,"column":6},"end":{"line":12,"column":48}},"5":{"start":{"line":15,"column":4},"end":{"line":19,"column":5}},"6":{"start":{"line":16,"column":6},"end":{"line":16,"column":30}},"7":{"start":{"line":17,"column":6},"end":{"line":17,"column":77}},"8":{"start":{"line":18,"column":6},"end":{"line":18,"column":105}},"9":{"start":{"line":20,"column":4},"end":{"line":29,"column":7}},"10":{"start":{"line":21,"column":6},"end":{"line":28,"column":8}},"11":{"start":{"line":33,"column":0},"end":{"line":56,"column":1}},"12":{"start":{"line":34,"column":2},"end":{"line":40,"column":3}},"13":{"start":{"line":35,"column":4},"end":{"line":39,"column":6}},"14":{"start":{"line":41,"column":2},"end":{"line":41,"column":26}},"15":{"start":{"line":42,"column":2},"end":{"line":42,"column":42}},"16":{"start":{"line":43,"column":2},"end":{"line":54,"column":3}},"17":{"start":{"line":44,"column":4},"end":{"line":44,"column":31}},"18":{"start":{"line":46,"column":4},"end":{"line":52,"column":5}},"19":{"start":{"line":47,"column":6},"end":{"line":51,"column":8}},"20":{"start":{"line":53,"column":4},"end":{"line":53,"column":27}},"21":{"start":{"line":55,"column":2},"end":{"line":55,"column":11}},"22":{"start":{"line":58,"column":0},"end":{"line":72,"column":1}},"23":{"start":{"line":59,"column":2},"end":{"line":70,"column":3}},"24":{"start":{"line":60,"column":4},"end":{"line":66,"column":5}},"25":{"start":{"line":61,"column":6},"end":{"line":65,"column":8}},"26":{"start":{"line":67,"column":4},"end":{"line":67,"column":33}},"27":{"start":{"line":68,"column":4},"end":{"line":68,"column":39}},"28":{"start":{"line":69,"column":4},"end":{"line":69,"column":39}},"29":{"start":{"line":71,"column":2},"end":{"line":71,"column":11}},"30":{"start":{"line":78,"column":0},"end":{"line":78,"column":26}}},"branchMap":{"1":{"line":18,"type":"binary-expr","locations":[{"start":{"line":18,"column":24},"end":{"line":18,"column":98}},{"start":{"line":18,"column":103},"end":{"line":18,"column":104}}]},"2":{"line":34,"type":"if","locations":[{"start":{"line":34,"column":2},"end":{"line":34,"column":2}},{"start":{"line":34,"column":2},"end":{"line":34,"column":2}}]},"3":{"line":42,"type":"binary-expr","locations":[{"start":{"line":42,"column":14},"end":{"line":42,"column":30}},{"start":{"line":42,"column":34},"end":{"line":42,"column":41}}]},"4":{"line":43,"type":"if","locations":[{"start":{"line":43,"column":2},"end":{"line":43,"column":2}},{"start":{"line":43,"column":2},"end":{"line":43,"column":2}}]},"5":{"line":46,"type":"if","locations":[{"start":{"line":46,"column":4},"end":{"line":46,"column":4}},{"start":{"line":46,"column":4},"end":{"line":46,"column":4}}]},"6":{"line":60,"type":"if","locations":[{"start":{"line":60,"column":4},"end":{"line":60,"column":4}},{"start":{"line":60,"column":4},"end":{"line":60,"column":4}}]}},"code":["/**"," * Calculate feature results."," */","","","/**"," * FUNCTIONS."," */","function features(data) {","  return data.map(function (classifier) {","    return classifier.map(function (_set) {","      return _set.reduce(calculateFeatures, {});","    }).reduce(calculateSets, {});","  }).map(function (result) {","    for (var key in result) {","      var entry = result[key];","      entry.precision = Math.round(entry.positive * 100 / entry.total) / 100;","      entry.accuracy = (Math.round(entry.positive * 100 / (entry.negative + entry.positive)) / 100) || 0;","    }","    return Object.keys(result).map(function (entry) {","      return {","        feature: entry,","        total: result[entry].total,","        positive: result[entry].positive,","        negative: result[entry].negative,","        precision: result[entry].precision,","        accuracy: result[entry].accuracy","      };","    });","  });","}","","function calculateFeatures(p, c) {","  if (!p[c.feature]) {","    p[c.feature] = {","      total: 0,","      positive: 0,","      negative: 0","    };","  }","  p[c.feature].total += 1;","  var guess = c.guess.category || c.guess;","  if (guess === c.feature) {","    p[c.feature].positive += 1;","  } else {","    if (!p[guess]) {","      p[guess] = {","        total: 0,","        positive: 0,","        negative: 0","      };","    }","    p[guess].negative += 1;","  }","  return p;","}","","function calculateSets(p, c) {","  for (var key in c) {","    if (!p[key]) {","      p[key] = {","        total: 0,","        positive: 0,","        negative: 0","      };","    }","    p[key].total += c[key].total;","    p[key].positive += c[key].positive;","    p[key].negative += c[key].negative;","  }","  return p;","}","","","/**"," * EXPORTS."," */","module.exports = features;"],"l":{"9":1,"10":0,"11":0,"12":0,"15":0,"16":0,"17":0,"18":0,"20":0,"21":0,"33":1,"34":0,"35":0,"41":0,"42":0,"43":0,"44":0,"46":0,"47":0,"53":0,"55":0,"58":1,"59":0,"60":0,"61":0,"67":0,"68":0,"69":0,"71":0,"78":1}}}